<?xml version="1.0" encoding="UTF-8"?>
<robot generator="Robot 4.0.2 (Python 3.9.1 on win32)" generated="20210823 12:04:44.968" rpa="false" schemaversion="2">
<suite id="s1" name="LoginValidations &amp; SwagLabsUsers">
<suite id="s1-s1" name="LoginValidations" source="C:\Users\justin.guma\Desktop\SauceDemo\SwagLabs\SwagLabs\LoginValidations.robot">
<test id="s1-s1-t1" name="User should not be able to login if password is empty">
<kw name="Navigate To Site" library="Global_Keywords" type="SETUP">
<doc>Open a browser and navigate to the site</doc>
<kw name="Open Browser" library="SeleniumLibrary">
<arg>${URL}</arg>
<arg>${BROWSER}</arg>
<doc>Opens a new browser instance to the optional ``url``.</doc>
<msg timestamp="20210823 12:04:47.757" level="INFO">Opening browser 'gc' to base url 'https://www.saucedemo.com/'.</msg>
<status status="PASS" starttime="20210823 12:04:47.757" endtime="20210823 12:04:50.350"/>
</kw>
<kw name="Maximize Browser Window" library="SeleniumLibrary">
<doc>Maximizes current browser window.</doc>
<status status="PASS" starttime="20210823 12:04:50.351" endtime="20210823 12:04:50.505"/>
</kw>
<status status="PASS" starttime="20210823 12:04:47.756" endtime="20210823 12:04:50.505"/>
</kw>
<kw name="User entered invalid login scenarios">
<arg>standard_user</arg>
<arg>Epic sadface: Password is required</arg>
<kw name="Given That the user is on the login page" library="Login_Keywords">
<kw name="Title Should Be" library="SeleniumLibrary">
<arg>Swag Labs</arg>
<doc>Verifies that the current page title equals ``title``.</doc>
<msg timestamp="20210823 12:04:50.522" level="INFO">Page title is 'Swag Labs'.</msg>
<status status="PASS" starttime="20210823 12:04:50.511" endtime="20210823 12:04:50.522"/>
</kw>
<kw name="Get Location" library="SeleniumLibrary">
<var>${activeURL}</var>
<doc>Returns the current browser window URL.</doc>
<msg timestamp="20210823 12:04:50.538" level="INFO">${activeURL} = https://www.saucedemo.com/</msg>
<status status="PASS" starttime="20210823 12:04:50.522" endtime="20210823 12:04:50.539"/>
</kw>
<kw name="Should Be Equal" library="BuiltIn">
<arg>${activeURL}</arg>
<arg>${URL}</arg>
<doc>Fails if the given objects are unequal.</doc>
<status status="PASS" starttime="20210823 12:04:50.539" endtime="20210823 12:04:50.540"/>
</kw>
<kw name="Wait Until Element Is Visible" library="SeleniumLibrary">
<arg>${LOGIN_LOGO}</arg>
<doc>Waits until the element ``locator`` is visible.</doc>
<status status="PASS" starttime="20210823 12:04:50.541" endtime="20210823 12:04:50.610"/>
</kw>
<kw name="Wait Until Element Is Visible" library="SeleniumLibrary">
<arg>${USERNAME_TEXTBOX}</arg>
<doc>Waits until the element ``locator`` is visible.</doc>
<status status="PASS" starttime="20210823 12:04:50.610" endtime="20210823 12:04:50.668"/>
</kw>
<kw name="Wait Until Element Is Visible" library="SeleniumLibrary">
<arg>${PASSWORD_TEXTBOX}</arg>
<doc>Waits until the element ``locator`` is visible.</doc>
<status status="PASS" starttime="20210823 12:04:50.668" endtime="20210823 12:04:50.719"/>
</kw>
<kw name="Wait Until Element Is Visible" library="SeleniumLibrary">
<arg>${LOGIN_BUTTON}</arg>
<doc>Waits until the element ``locator`` is visible.</doc>
<status status="PASS" starttime="20210823 12:04:50.719" endtime="20210823 12:04:50.768"/>
</kw>
<status status="PASS" starttime="20210823 12:04:50.509" endtime="20210823 12:04:50.769"/>
</kw>
<kw name="And User enter username ${username}" library="Global_Keywords" sourcename="User enter username ${username}">
<kw name="Wait Until Element Is Visible" library="SeleniumLibrary">
<arg>${USERNAME_TEXTBOX}</arg>
<doc>Waits until the element ``locator`` is visible.</doc>
<status status="PASS" starttime="20210823 12:04:50.770" endtime="20210823 12:04:50.807"/>
</kw>
<kw name="Input Text" library="SeleniumLibrary">
<arg>${USERNAME_TEXTBOX}</arg>
<arg>${username}</arg>
<doc>Types the given ``text`` into the text field identified by ``locator``.</doc>
<msg timestamp="20210823 12:04:50.808" level="INFO">Typing text 'standard_user' into text field '//input[@data-test="username"]'.</msg>
<status status="PASS" starttime="20210823 12:04:50.807" endtime="20210823 12:04:51.009"/>
</kw>
<status status="PASS" starttime="20210823 12:04:50.769" endtime="20210823 12:04:51.010"/>
</kw>
<kw name="And User enter password ${password}" library="Global_Keywords" sourcename="User enter password ${password}">
<kw name="Wait Until Element Is Visible" library="SeleniumLibrary">
<arg>${PASSWORD_TEXTBOX}</arg>
<doc>Waits until the element ``locator`` is visible.</doc>
<status status="PASS" starttime="20210823 12:04:51.011" endtime="20210823 12:04:51.041"/>
</kw>
<kw name="Input Password" library="SeleniumLibrary">
<arg>${PASSWORD_TEXTBOX}</arg>
<arg>${password}</arg>
<doc>Types the given password into the text field identified by ``locator``.</doc>
<msg timestamp="20210823 12:04:51.042" level="INFO">Typing password into text field '//input[@data-test="password"]'.</msg>
<msg timestamp="20210823 12:04:51.114" level="INFO">Temporally setting log level to: NONE</msg>
<msg timestamp="20210823 12:04:51.172" level="INFO">Log level changed from NONE to INFO.</msg>
<status status="PASS" starttime="20210823 12:04:51.041" endtime="20210823 12:04:51.172"/>
</kw>
<status status="PASS" starttime="20210823 12:04:51.010" endtime="20210823 12:04:51.173"/>
</kw>
<kw name="When User click the login button" library="Login_Keywords">
<kw name="Wait Until Element Is Visible" library="SeleniumLibrary">
<arg>${LOGIN_BUTTON}</arg>
<doc>Waits until the element ``locator`` is visible.</doc>
<status status="PASS" starttime="20210823 12:04:51.175" endtime="20210823 12:04:51.202"/>
</kw>
<kw name="Click Element" library="SeleniumLibrary">
<arg>${LOGIN_BUTTON}</arg>
<doc>Click the element identified by ``locator``.</doc>
<msg timestamp="20210823 12:04:51.203" level="INFO">Clicking element '//input[@data-test="login-button"]'.</msg>
<status status="PASS" starttime="20210823 12:04:51.202" endtime="20210823 12:04:51.292"/>
</kw>
<status status="PASS" starttime="20210823 12:04:51.174" endtime="20210823 12:04:51.293"/>
</kw>
<kw name="Then An error message will appear" library="Login_Keywords">
<arg>${errorMessage}</arg>
<kw name="Wait Until Element Is Visible" library="SeleniumLibrary">
<arg>${ERROR_MESSAGE_TEXT}</arg>
<doc>Waits until the element ``locator`` is visible.</doc>
<status status="PASS" starttime="20210823 12:04:51.295" endtime="20210823 12:04:51.333"/>
</kw>
<kw name="Element Should Contain" library="SeleniumLibrary">
<arg>${ERROR_MESSAGE_TEXT}</arg>
<arg>${errorMessage}</arg>
<doc>Verifies that element ``locator`` contains text ``expected``.</doc>
<msg timestamp="20210823 12:04:51.363" level="INFO">Element '//h3[@data-test="error"]' contains text 'Epic sadface: Password is required'.</msg>
<status status="PASS" starttime="20210823 12:04:51.334" endtime="20210823 12:04:51.364"/>
</kw>
<status status="PASS" starttime="20210823 12:04:51.294" endtime="20210823 12:04:51.364"/>
</kw>
<status status="PASS" starttime="20210823 12:04:50.507" endtime="20210823 12:04:51.364"/>
</kw>
<kw name="End Web Test" library="Global_Keywords" type="TEARDOWN">
<doc>Closes browser after delay</doc>
<kw name="Sleep" library="BuiltIn">
<arg>2s</arg>
<doc>Pauses the test executed for the given time.</doc>
<msg timestamp="20210823 12:04:53.368" level="INFO">Slept 2 seconds</msg>
<status status="PASS" starttime="20210823 12:04:51.367" endtime="20210823 12:04:53.368"/>
</kw>
<kw name="Close Browser" library="SeleniumLibrary">
<doc>Closes the current browser.</doc>
<status status="PASS" starttime="20210823 12:04:53.368" endtime="20210823 12:04:55.604"/>
</kw>
<status status="PASS" starttime="20210823 12:04:51.366" endtime="20210823 12:04:55.605"/>
</kw>
<status status="PASS" starttime="20210823 12:04:47.753" endtime="20210823 12:04:55.605"/>
</test>
<test id="s1-s1-t2" name="User should not be able to login if username and password are empty">
<kw name="Navigate To Site" library="Global_Keywords" type="SETUP">
<doc>Open a browser and navigate to the site</doc>
<kw name="Open Browser" library="SeleniumLibrary">
<arg>${URL}</arg>
<arg>${BROWSER}</arg>
<doc>Opens a new browser instance to the optional ``url``.</doc>
<msg timestamp="20210823 12:04:55.613" level="INFO">Opening browser 'gc' to base url 'https://www.saucedemo.com/'.</msg>
<status status="PASS" starttime="20210823 12:04:55.612" endtime="20210823 12:04:58.050"/>
</kw>
<kw name="Maximize Browser Window" library="SeleniumLibrary">
<doc>Maximizes current browser window.</doc>
<status status="PASS" starttime="20210823 12:04:58.051" endtime="20210823 12:04:58.188"/>
</kw>
<status status="PASS" starttime="20210823 12:04:55.611" endtime="20210823 12:04:58.189"/>
</kw>
<kw name="User entered invalid login scenarios">
<arg>Epic sadface: Username is required</arg>
<kw name="Given That the user is on the login page" library="Login_Keywords">
<kw name="Title Should Be" library="SeleniumLibrary">
<arg>Swag Labs</arg>
<doc>Verifies that the current page title equals ``title``.</doc>
<msg timestamp="20210823 12:04:58.199" level="INFO">Page title is 'Swag Labs'.</msg>
<status status="PASS" starttime="20210823 12:04:58.192" endtime="20210823 12:04:58.200"/>
</kw>
<kw name="Get Location" library="SeleniumLibrary">
<var>${activeURL}</var>
<doc>Returns the current browser window URL.</doc>
<msg timestamp="20210823 12:04:58.207" level="INFO">${activeURL} = https://www.saucedemo.com/</msg>
<status status="PASS" starttime="20210823 12:04:58.200" endtime="20210823 12:04:58.207"/>
</kw>
<kw name="Should Be Equal" library="BuiltIn">
<arg>${activeURL}</arg>
<arg>${URL}</arg>
<doc>Fails if the given objects are unequal.</doc>
<status status="PASS" starttime="20210823 12:04:58.207" endtime="20210823 12:04:58.208"/>
</kw>
<kw name="Wait Until Element Is Visible" library="SeleniumLibrary">
<arg>${LOGIN_LOGO}</arg>
<doc>Waits until the element ``locator`` is visible.</doc>
<status status="PASS" starttime="20210823 12:04:58.208" endtime="20210823 12:04:58.258"/>
</kw>
<kw name="Wait Until Element Is Visible" library="SeleniumLibrary">
<arg>${USERNAME_TEXTBOX}</arg>
<doc>Waits until the element ``locator`` is visible.</doc>
<status status="PASS" starttime="20210823 12:04:58.261" endtime="20210823 12:04:58.299"/>
</kw>
<kw name="Wait Until Element Is Visible" library="SeleniumLibrary">
<arg>${PASSWORD_TEXTBOX}</arg>
<doc>Waits until the element ``locator`` is visible.</doc>
<status status="PASS" starttime="20210823 12:04:58.300" endtime="20210823 12:04:58.338"/>
</kw>
<kw name="Wait Until Element Is Visible" library="SeleniumLibrary">
<arg>${LOGIN_BUTTON}</arg>
<doc>Waits until the element ``locator`` is visible.</doc>
<status status="PASS" starttime="20210823 12:04:58.338" endtime="20210823 12:04:58.374"/>
</kw>
<status status="PASS" starttime="20210823 12:04:58.191" endtime="20210823 12:04:58.374"/>
</kw>
<kw name="And User enter username ${username}" library="Global_Keywords" sourcename="User enter username ${username}">
<kw name="Wait Until Element Is Visible" library="SeleniumLibrary">
<arg>${USERNAME_TEXTBOX}</arg>
<doc>Waits until the element ``locator`` is visible.</doc>
<status status="PASS" starttime="20210823 12:04:58.376" endtime="20210823 12:04:58.408"/>
</kw>
<kw name="Input Text" library="SeleniumLibrary">
<arg>${USERNAME_TEXTBOX}</arg>
<arg>${username}</arg>
<doc>Types the given ``text`` into the text field identified by ``locator``.</doc>
<msg timestamp="20210823 12:04:58.410" level="INFO">Typing text '' into text field '//input[@data-test="username"]'.</msg>
<status status="PASS" starttime="20210823 12:04:58.408" endtime="20210823 12:04:58.538"/>
</kw>
<status status="PASS" starttime="20210823 12:04:58.374" endtime="20210823 12:04:58.539"/>
</kw>
<kw name="And User enter password ${password}" library="Global_Keywords" sourcename="User enter password ${password}">
<kw name="Wait Until Element Is Visible" library="SeleniumLibrary">
<arg>${PASSWORD_TEXTBOX}</arg>
<doc>Waits until the element ``locator`` is visible.</doc>
<status status="PASS" starttime="20210823 12:04:58.540" endtime="20210823 12:04:58.568"/>
</kw>
<kw name="Input Password" library="SeleniumLibrary">
<arg>${PASSWORD_TEXTBOX}</arg>
<arg>${password}</arg>
<doc>Types the given password into the text field identified by ``locator``.</doc>
<msg timestamp="20210823 12:04:58.569" level="INFO">Typing password into text field '//input[@data-test="password"]'.</msg>
<msg timestamp="20210823 12:04:58.640" level="INFO">Temporally setting log level to: NONE</msg>
<msg timestamp="20210823 12:04:58.704" level="INFO">Log level changed from NONE to INFO.</msg>
<status status="PASS" starttime="20210823 12:04:58.569" endtime="20210823 12:04:58.704"/>
</kw>
<status status="PASS" starttime="20210823 12:04:58.539" endtime="20210823 12:04:58.705"/>
</kw>
<kw name="When User click the login button" library="Login_Keywords">
<kw name="Wait Until Element Is Visible" library="SeleniumLibrary">
<arg>${LOGIN_BUTTON}</arg>
<doc>Waits until the element ``locator`` is visible.</doc>
<status status="PASS" starttime="20210823 12:04:58.706" endtime="20210823 12:04:58.733"/>
</kw>
<kw name="Click Element" library="SeleniumLibrary">
<arg>${LOGIN_BUTTON}</arg>
<doc>Click the element identified by ``locator``.</doc>
<msg timestamp="20210823 12:04:58.734" level="INFO">Clicking element '//input[@data-test="login-button"]'.</msg>
<status status="PASS" starttime="20210823 12:04:58.733" endtime="20210823 12:04:58.825"/>
</kw>
<status status="PASS" starttime="20210823 12:04:58.705" endtime="20210823 12:04:58.825"/>
</kw>
<kw name="Then An error message will appear" library="Login_Keywords">
<arg>${errorMessage}</arg>
<kw name="Wait Until Element Is Visible" library="SeleniumLibrary">
<arg>${ERROR_MESSAGE_TEXT}</arg>
<doc>Waits until the element ``locator`` is visible.</doc>
<status status="PASS" starttime="20210823 12:04:58.827" endtime="20210823 12:04:58.862"/>
</kw>
<kw name="Element Should Contain" library="SeleniumLibrary">
<arg>${ERROR_MESSAGE_TEXT}</arg>
<arg>${errorMessage}</arg>
<doc>Verifies that element ``locator`` contains text ``expected``.</doc>
<msg timestamp="20210823 12:04:58.894" level="INFO">Element '//h3[@data-test="error"]' contains text 'Epic sadface: Username is required'.</msg>
<status status="PASS" starttime="20210823 12:04:58.863" endtime="20210823 12:04:58.894"/>
</kw>
<status status="PASS" starttime="20210823 12:04:58.826" endtime="20210823 12:04:58.895"/>
</kw>
<status status="PASS" starttime="20210823 12:04:58.190" endtime="20210823 12:04:58.895"/>
</kw>
<kw name="End Web Test" library="Global_Keywords" type="TEARDOWN">
<doc>Closes browser after delay</doc>
<kw name="Sleep" library="BuiltIn">
<arg>2s</arg>
<doc>Pauses the test executed for the given time.</doc>
<msg timestamp="20210823 12:05:00.898" level="INFO">Slept 2 seconds</msg>
<status status="PASS" starttime="20210823 12:04:58.897" endtime="20210823 12:05:00.898"/>
</kw>
<kw name="Close Browser" library="SeleniumLibrary">
<doc>Closes the current browser.</doc>
<status status="PASS" starttime="20210823 12:05:00.898" endtime="20210823 12:05:04.434"/>
</kw>
<status status="PASS" starttime="20210823 12:04:58.896" endtime="20210823 12:05:04.434"/>
</kw>
<status status="PASS" starttime="20210823 12:04:55.607" endtime="20210823 12:05:04.437"/>
</test>
<test id="s1-s1-t3" name="User should not be able to login if username is empty">
<kw name="Navigate To Site" library="Global_Keywords" type="SETUP">
<doc>Open a browser and navigate to the site</doc>
<kw name="Open Browser" library="SeleniumLibrary">
<arg>${URL}</arg>
<arg>${BROWSER}</arg>
<doc>Opens a new browser instance to the optional ``url``.</doc>
<msg timestamp="20210823 12:05:04.444" level="INFO">Opening browser 'gc' to base url 'https://www.saucedemo.com/'.</msg>
<status status="PASS" starttime="20210823 12:05:04.444" endtime="20210823 12:05:06.730"/>
</kw>
<kw name="Maximize Browser Window" library="SeleniumLibrary">
<doc>Maximizes current browser window.</doc>
<status status="PASS" starttime="20210823 12:05:06.730" endtime="20210823 12:05:06.855"/>
</kw>
<status status="PASS" starttime="20210823 12:05:04.443" endtime="20210823 12:05:06.856"/>
</kw>
<kw name="User entered invalid login scenarios">
<arg>secret_sauce</arg>
<arg>Epic sadface: Username is required</arg>
<kw name="Given That the user is on the login page" library="Login_Keywords">
<kw name="Title Should Be" library="SeleniumLibrary">
<arg>Swag Labs</arg>
<doc>Verifies that the current page title equals ``title``.</doc>
<msg timestamp="20210823 12:05:06.872" level="INFO">Page title is 'Swag Labs'.</msg>
<status status="PASS" starttime="20210823 12:05:06.860" endtime="20210823 12:05:06.872"/>
</kw>
<kw name="Get Location" library="SeleniumLibrary">
<var>${activeURL}</var>
<doc>Returns the current browser window URL.</doc>
<msg timestamp="20210823 12:05:06.886" level="INFO">${activeURL} = https://www.saucedemo.com/</msg>
<status status="PASS" starttime="20210823 12:05:06.873" endtime="20210823 12:05:06.886"/>
</kw>
<kw name="Should Be Equal" library="BuiltIn">
<arg>${activeURL}</arg>
<arg>${URL}</arg>
<doc>Fails if the given objects are unequal.</doc>
<status status="PASS" starttime="20210823 12:05:06.886" endtime="20210823 12:05:06.887"/>
</kw>
<kw name="Wait Until Element Is Visible" library="SeleniumLibrary">
<arg>${LOGIN_LOGO}</arg>
<doc>Waits until the element ``locator`` is visible.</doc>
<status status="PASS" starttime="20210823 12:05:06.888" endtime="20210823 12:05:06.945"/>
</kw>
<kw name="Wait Until Element Is Visible" library="SeleniumLibrary">
<arg>${USERNAME_TEXTBOX}</arg>
<doc>Waits until the element ``locator`` is visible.</doc>
<status status="PASS" starttime="20210823 12:05:06.946" endtime="20210823 12:05:06.996"/>
</kw>
<kw name="Wait Until Element Is Visible" library="SeleniumLibrary">
<arg>${PASSWORD_TEXTBOX}</arg>
<doc>Waits until the element ``locator`` is visible.</doc>
<status status="PASS" starttime="20210823 12:05:06.997" endtime="20210823 12:05:07.046"/>
</kw>
<kw name="Wait Until Element Is Visible" library="SeleniumLibrary">
<arg>${LOGIN_BUTTON}</arg>
<doc>Waits until the element ``locator`` is visible.</doc>
<status status="PASS" starttime="20210823 12:05:07.047" endtime="20210823 12:05:07.092"/>
</kw>
<status status="PASS" starttime="20210823 12:05:06.859" endtime="20210823 12:05:07.092"/>
</kw>
<kw name="And User enter username ${username}" library="Global_Keywords" sourcename="User enter username ${username}">
<kw name="Wait Until Element Is Visible" library="SeleniumLibrary">
<arg>${USERNAME_TEXTBOX}</arg>
<doc>Waits until the element ``locator`` is visible.</doc>
<status status="PASS" starttime="20210823 12:05:07.096" endtime="20210823 12:05:07.124"/>
</kw>
<kw name="Input Text" library="SeleniumLibrary">
<arg>${USERNAME_TEXTBOX}</arg>
<arg>${username}</arg>
<doc>Types the given ``text`` into the text field identified by ``locator``.</doc>
<msg timestamp="20210823 12:05:07.126" level="INFO">Typing text '' into text field '//input[@data-test="username"]'.</msg>
<status status="PASS" starttime="20210823 12:05:07.125" endtime="20210823 12:05:07.251"/>
</kw>
<status status="PASS" starttime="20210823 12:05:07.094" endtime="20210823 12:05:07.252"/>
</kw>
<kw name="And User enter password ${password}" library="Global_Keywords" sourcename="User enter password ${password}">
<kw name="Wait Until Element Is Visible" library="SeleniumLibrary">
<arg>${PASSWORD_TEXTBOX}</arg>
<doc>Waits until the element ``locator`` is visible.</doc>
<status status="PASS" starttime="20210823 12:05:07.253" endtime="20210823 12:05:07.280"/>
</kw>
<kw name="Input Password" library="SeleniumLibrary">
<arg>${PASSWORD_TEXTBOX}</arg>
<arg>${password}</arg>
<doc>Types the given password into the text field identified by ``locator``.</doc>
<msg timestamp="20210823 12:05:07.282" level="INFO">Typing password into text field '//input[@data-test="password"]'.</msg>
<msg timestamp="20210823 12:05:07.339" level="INFO">Temporally setting log level to: NONE</msg>
<msg timestamp="20210823 12:05:07.450" level="INFO">Log level changed from NONE to INFO.</msg>
<status status="PASS" starttime="20210823 12:05:07.281" endtime="20210823 12:05:07.450"/>
</kw>
<status status="PASS" starttime="20210823 12:05:07.252" endtime="20210823 12:05:07.450"/>
</kw>
<kw name="When User click the login button" library="Login_Keywords">
<kw name="Wait Until Element Is Visible" library="SeleniumLibrary">
<arg>${LOGIN_BUTTON}</arg>
<doc>Waits until the element ``locator`` is visible.</doc>
<status status="PASS" starttime="20210823 12:05:07.452" endtime="20210823 12:05:07.478"/>
</kw>
<kw name="Click Element" library="SeleniumLibrary">
<arg>${LOGIN_BUTTON}</arg>
<doc>Click the element identified by ``locator``.</doc>
<msg timestamp="20210823 12:05:07.479" level="INFO">Clicking element '//input[@data-test="login-button"]'.</msg>
<status status="PASS" starttime="20210823 12:05:07.479" endtime="20210823 12:05:07.564"/>
</kw>
<status status="PASS" starttime="20210823 12:05:07.451" endtime="20210823 12:05:07.564"/>
</kw>
<kw name="Then An error message will appear" library="Login_Keywords">
<arg>${errorMessage}</arg>
<kw name="Wait Until Element Is Visible" library="SeleniumLibrary">
<arg>${ERROR_MESSAGE_TEXT}</arg>
<doc>Waits until the element ``locator`` is visible.</doc>
<status status="PASS" starttime="20210823 12:05:07.566" endtime="20210823 12:05:07.599"/>
</kw>
<kw name="Element Should Contain" library="SeleniumLibrary">
<arg>${ERROR_MESSAGE_TEXT}</arg>
<arg>${errorMessage}</arg>
<doc>Verifies that element ``locator`` contains text ``expected``.</doc>
<msg timestamp="20210823 12:05:07.629" level="INFO">Element '//h3[@data-test="error"]' contains text 'Epic sadface: Username is required'.</msg>
<status status="PASS" starttime="20210823 12:05:07.599" endtime="20210823 12:05:07.630"/>
</kw>
<status status="PASS" starttime="20210823 12:05:07.565" endtime="20210823 12:05:07.630"/>
</kw>
<status status="PASS" starttime="20210823 12:05:06.857" endtime="20210823 12:05:07.630"/>
</kw>
<kw name="End Web Test" library="Global_Keywords" type="TEARDOWN">
<doc>Closes browser after delay</doc>
<kw name="Sleep" library="BuiltIn">
<arg>2s</arg>
<doc>Pauses the test executed for the given time.</doc>
<msg timestamp="20210823 12:05:09.635" level="INFO">Slept 2 seconds</msg>
<status status="PASS" starttime="20210823 12:05:07.632" endtime="20210823 12:05:09.635"/>
</kw>
<kw name="Close Browser" library="SeleniumLibrary">
<doc>Closes the current browser.</doc>
<status status="PASS" starttime="20210823 12:05:09.635" endtime="20210823 12:05:12.147"/>
</kw>
<status status="PASS" starttime="20210823 12:05:07.632" endtime="20210823 12:05:12.147"/>
</kw>
<status status="PASS" starttime="20210823 12:05:04.439" endtime="20210823 12:05:12.148"/>
</test>
<test id="s1-s1-t4" name="User should not be able to login if entered credentials are not valid ">
<kw name="Navigate To Site" library="Global_Keywords" type="SETUP">
<doc>Open a browser and navigate to the site</doc>
<kw name="Open Browser" library="SeleniumLibrary">
<arg>${URL}</arg>
<arg>${BROWSER}</arg>
<doc>Opens a new browser instance to the optional ``url``.</doc>
<msg timestamp="20210823 12:05:12.155" level="INFO">Opening browser 'gc' to base url 'https://www.saucedemo.com/'.</msg>
<status status="PASS" starttime="20210823 12:05:12.155" endtime="20210823 12:05:15.140"/>
</kw>
<kw name="Maximize Browser Window" library="SeleniumLibrary">
<doc>Maximizes current browser window.</doc>
<status status="PASS" starttime="20210823 12:05:15.141" endtime="20210823 12:05:15.266"/>
</kw>
<status status="PASS" starttime="20210823 12:05:12.154" endtime="20210823 12:05:15.267"/>
</kw>
<kw name="User entered invalid login scenarios">
<arg>invalidUsername</arg>
<arg>invalidPassword</arg>
<arg>Epic sadface: Username and password do not match any user in this service</arg>
<kw name="Given That the user is on the login page" library="Login_Keywords">
<kw name="Title Should Be" library="SeleniumLibrary">
<arg>Swag Labs</arg>
<doc>Verifies that the current page title equals ``title``.</doc>
<msg timestamp="20210823 12:05:15.285" level="INFO">Page title is 'Swag Labs'.</msg>
<status status="PASS" starttime="20210823 12:05:15.270" endtime="20210823 12:05:15.285"/>
</kw>
<kw name="Get Location" library="SeleniumLibrary">
<var>${activeURL}</var>
<doc>Returns the current browser window URL.</doc>
<msg timestamp="20210823 12:05:15.295" level="INFO">${activeURL} = https://www.saucedemo.com/</msg>
<status status="PASS" starttime="20210823 12:05:15.286" endtime="20210823 12:05:15.296"/>
</kw>
<kw name="Should Be Equal" library="BuiltIn">
<arg>${activeURL}</arg>
<arg>${URL}</arg>
<doc>Fails if the given objects are unequal.</doc>
<status status="PASS" starttime="20210823 12:05:15.296" endtime="20210823 12:05:15.297"/>
</kw>
<kw name="Wait Until Element Is Visible" library="SeleniumLibrary">
<arg>${LOGIN_LOGO}</arg>
<doc>Waits until the element ``locator`` is visible.</doc>
<status status="PASS" starttime="20210823 12:05:15.298" endtime="20210823 12:05:15.354"/>
</kw>
<kw name="Wait Until Element Is Visible" library="SeleniumLibrary">
<arg>${USERNAME_TEXTBOX}</arg>
<doc>Waits until the element ``locator`` is visible.</doc>
<status status="PASS" starttime="20210823 12:05:15.354" endtime="20210823 12:05:15.410"/>
</kw>
<kw name="Wait Until Element Is Visible" library="SeleniumLibrary">
<arg>${PASSWORD_TEXTBOX}</arg>
<doc>Waits until the element ``locator`` is visible.</doc>
<status status="PASS" starttime="20210823 12:05:15.410" endtime="20210823 12:05:15.450"/>
</kw>
<kw name="Wait Until Element Is Visible" library="SeleniumLibrary">
<arg>${LOGIN_BUTTON}</arg>
<doc>Waits until the element ``locator`` is visible.</doc>
<status status="PASS" starttime="20210823 12:05:15.451" endtime="20210823 12:05:15.497"/>
</kw>
<status status="PASS" starttime="20210823 12:05:15.269" endtime="20210823 12:05:15.497"/>
</kw>
<kw name="And User enter username ${username}" library="Global_Keywords" sourcename="User enter username ${username}">
<kw name="Wait Until Element Is Visible" library="SeleniumLibrary">
<arg>${USERNAME_TEXTBOX}</arg>
<doc>Waits until the element ``locator`` is visible.</doc>
<status status="PASS" starttime="20210823 12:05:15.499" endtime="20210823 12:05:15.535"/>
</kw>
<kw name="Input Text" library="SeleniumLibrary">
<arg>${USERNAME_TEXTBOX}</arg>
<arg>${username}</arg>
<doc>Types the given ``text`` into the text field identified by ``locator``.</doc>
<msg timestamp="20210823 12:05:15.536" level="INFO">Typing text 'invalidUsername' into text field '//input[@data-test="username"]'.</msg>
<status status="PASS" starttime="20210823 12:05:15.535" endtime="20210823 12:05:15.721"/>
</kw>
<status status="PASS" starttime="20210823 12:05:15.498" endtime="20210823 12:05:15.721"/>
</kw>
<kw name="And User enter password ${password}" library="Global_Keywords" sourcename="User enter password ${password}">
<kw name="Wait Until Element Is Visible" library="SeleniumLibrary">
<arg>${PASSWORD_TEXTBOX}</arg>
<doc>Waits until the element ``locator`` is visible.</doc>
<status status="PASS" starttime="20210823 12:05:15.723" endtime="20210823 12:05:15.750"/>
</kw>
<kw name="Input Password" library="SeleniumLibrary">
<arg>${PASSWORD_TEXTBOX}</arg>
<arg>${password}</arg>
<doc>Types the given password into the text field identified by ``locator``.</doc>
<msg timestamp="20210823 12:05:15.751" level="INFO">Typing password into text field '//input[@data-test="password"]'.</msg>
<msg timestamp="20210823 12:05:15.811" level="INFO">Temporally setting log level to: NONE</msg>
<msg timestamp="20210823 12:05:15.907" level="INFO">Log level changed from NONE to INFO.</msg>
<status status="PASS" starttime="20210823 12:05:15.750" endtime="20210823 12:05:15.907"/>
</kw>
<status status="PASS" starttime="20210823 12:05:15.722" endtime="20210823 12:05:15.908"/>
</kw>
<kw name="When User click the login button" library="Login_Keywords">
<kw name="Wait Until Element Is Visible" library="SeleniumLibrary">
<arg>${LOGIN_BUTTON}</arg>
<doc>Waits until the element ``locator`` is visible.</doc>
<status status="PASS" starttime="20210823 12:05:15.909" endtime="20210823 12:05:15.938"/>
</kw>
<kw name="Click Element" library="SeleniumLibrary">
<arg>${LOGIN_BUTTON}</arg>
<doc>Click the element identified by ``locator``.</doc>
<msg timestamp="20210823 12:05:15.939" level="INFO">Clicking element '//input[@data-test="login-button"]'.</msg>
<status status="PASS" starttime="20210823 12:05:15.939" endtime="20210823 12:05:16.034"/>
</kw>
<status status="PASS" starttime="20210823 12:05:15.908" endtime="20210823 12:05:16.034"/>
</kw>
<kw name="Then An error message will appear" library="Login_Keywords">
<arg>${errorMessage}</arg>
<kw name="Wait Until Element Is Visible" library="SeleniumLibrary">
<arg>${ERROR_MESSAGE_TEXT}</arg>
<doc>Waits until the element ``locator`` is visible.</doc>
<status status="PASS" starttime="20210823 12:05:16.036" endtime="20210823 12:05:16.074"/>
</kw>
<kw name="Element Should Contain" library="SeleniumLibrary">
<arg>${ERROR_MESSAGE_TEXT}</arg>
<arg>${errorMessage}</arg>
<doc>Verifies that element ``locator`` contains text ``expected``.</doc>
<msg timestamp="20210823 12:05:16.102" level="INFO">Element '//h3[@data-test="error"]' contains text 'Epic sadface: Username and password do not match any user in this service'.</msg>
<status status="PASS" starttime="20210823 12:05:16.075" endtime="20210823 12:05:16.102"/>
</kw>
<status status="PASS" starttime="20210823 12:05:16.035" endtime="20210823 12:05:16.103"/>
</kw>
<status status="PASS" starttime="20210823 12:05:15.268" endtime="20210823 12:05:16.103"/>
</kw>
<kw name="End Web Test" library="Global_Keywords" type="TEARDOWN">
<doc>Closes browser after delay</doc>
<kw name="Sleep" library="BuiltIn">
<arg>2s</arg>
<doc>Pauses the test executed for the given time.</doc>
<msg timestamp="20210823 12:05:18.108" level="INFO">Slept 2 seconds</msg>
<status status="PASS" starttime="20210823 12:05:16.107" endtime="20210823 12:05:18.108"/>
</kw>
<kw name="Close Browser" library="SeleniumLibrary">
<doc>Closes the current browser.</doc>
<status status="PASS" starttime="20210823 12:05:18.108" endtime="20210823 12:05:20.377"/>
</kw>
<status status="PASS" starttime="20210823 12:05:16.106" endtime="20210823 12:05:20.377"/>
</kw>
<status status="PASS" starttime="20210823 12:05:12.149" endtime="20210823 12:05:20.378"/>
</test>
<test id="s1-s1-t5" name="User should not be able to login if entered credentials is locked out">
<kw name="Navigate To Site" library="Global_Keywords" type="SETUP">
<doc>Open a browser and navigate to the site</doc>
<kw name="Open Browser" library="SeleniumLibrary">
<arg>${URL}</arg>
<arg>${BROWSER}</arg>
<doc>Opens a new browser instance to the optional ``url``.</doc>
<msg timestamp="20210823 12:05:20.387" level="INFO">Opening browser 'gc' to base url 'https://www.saucedemo.com/'.</msg>
<status status="PASS" starttime="20210823 12:05:20.386" endtime="20210823 12:05:22.969"/>
</kw>
<kw name="Maximize Browser Window" library="SeleniumLibrary">
<doc>Maximizes current browser window.</doc>
<status status="PASS" starttime="20210823 12:05:22.970" endtime="20210823 12:05:23.117"/>
</kw>
<status status="PASS" starttime="20210823 12:05:20.385" endtime="20210823 12:05:23.117"/>
</kw>
<kw name="User entered invalid login scenarios">
<arg>locked_out_user</arg>
<arg>secret_sauce</arg>
<arg>Epic sadface: Sorry, this user has been locked out.</arg>
<kw name="Given That the user is on the login page" library="Login_Keywords">
<kw name="Title Should Be" library="SeleniumLibrary">
<arg>Swag Labs</arg>
<doc>Verifies that the current page title equals ``title``.</doc>
<msg timestamp="20210823 12:05:23.132" level="INFO">Page title is 'Swag Labs'.</msg>
<status status="PASS" starttime="20210823 12:05:23.121" endtime="20210823 12:05:23.132"/>
</kw>
<kw name="Get Location" library="SeleniumLibrary">
<var>${activeURL}</var>
<doc>Returns the current browser window URL.</doc>
<msg timestamp="20210823 12:05:23.139" level="INFO">${activeURL} = https://www.saucedemo.com/</msg>
<status status="PASS" starttime="20210823 12:05:23.132" endtime="20210823 12:05:23.139"/>
</kw>
<kw name="Should Be Equal" library="BuiltIn">
<arg>${activeURL}</arg>
<arg>${URL}</arg>
<doc>Fails if the given objects are unequal.</doc>
<status status="PASS" starttime="20210823 12:05:23.140" endtime="20210823 12:05:23.140"/>
</kw>
<kw name="Wait Until Element Is Visible" library="SeleniumLibrary">
<arg>${LOGIN_LOGO}</arg>
<doc>Waits until the element ``locator`` is visible.</doc>
<status status="PASS" starttime="20210823 12:05:23.141" endtime="20210823 12:05:23.210"/>
</kw>
<kw name="Wait Until Element Is Visible" library="SeleniumLibrary">
<arg>${USERNAME_TEXTBOX}</arg>
<doc>Waits until the element ``locator`` is visible.</doc>
<status status="PASS" starttime="20210823 12:05:23.211" endtime="20210823 12:05:23.277"/>
</kw>
<kw name="Wait Until Element Is Visible" library="SeleniumLibrary">
<arg>${PASSWORD_TEXTBOX}</arg>
<doc>Waits until the element ``locator`` is visible.</doc>
<status status="PASS" starttime="20210823 12:05:23.278" endtime="20210823 12:05:23.324"/>
</kw>
<kw name="Wait Until Element Is Visible" library="SeleniumLibrary">
<arg>${LOGIN_BUTTON}</arg>
<doc>Waits until the element ``locator`` is visible.</doc>
<status status="PASS" starttime="20210823 12:05:23.325" endtime="20210823 12:05:23.366"/>
</kw>
<status status="PASS" starttime="20210823 12:05:23.120" endtime="20210823 12:05:23.366"/>
</kw>
<kw name="And User enter username ${username}" library="Global_Keywords" sourcename="User enter username ${username}">
<kw name="Wait Until Element Is Visible" library="SeleniumLibrary">
<arg>${USERNAME_TEXTBOX}</arg>
<doc>Waits until the element ``locator`` is visible.</doc>
<status status="PASS" starttime="20210823 12:05:23.368" endtime="20210823 12:05:23.400"/>
</kw>
<kw name="Input Text" library="SeleniumLibrary">
<arg>${USERNAME_TEXTBOX}</arg>
<arg>${username}</arg>
<doc>Types the given ``text`` into the text field identified by ``locator``.</doc>
<msg timestamp="20210823 12:05:23.402" level="INFO">Typing text 'locked_out_user' into text field '//input[@data-test="username"]'.</msg>
<status status="PASS" starttime="20210823 12:05:23.401" endtime="20210823 12:05:23.594"/>
</kw>
<status status="PASS" starttime="20210823 12:05:23.367" endtime="20210823 12:05:23.594"/>
</kw>
<kw name="And User enter password ${password}" library="Global_Keywords" sourcename="User enter password ${password}">
<kw name="Wait Until Element Is Visible" library="SeleniumLibrary">
<arg>${PASSWORD_TEXTBOX}</arg>
<doc>Waits until the element ``locator`` is visible.</doc>
<status status="PASS" starttime="20210823 12:05:23.596" endtime="20210823 12:05:23.620"/>
</kw>
<kw name="Input Password" library="SeleniumLibrary">
<arg>${PASSWORD_TEXTBOX}</arg>
<arg>${password}</arg>
<doc>Types the given password into the text field identified by ``locator``.</doc>
<msg timestamp="20210823 12:05:23.621" level="INFO">Typing password into text field '//input[@data-test="password"]'.</msg>
<msg timestamp="20210823 12:05:23.686" level="INFO">Temporally setting log level to: NONE</msg>
<msg timestamp="20210823 12:05:23.773" level="INFO">Log level changed from NONE to INFO.</msg>
<status status="PASS" starttime="20210823 12:05:23.620" endtime="20210823 12:05:23.774"/>
</kw>
<status status="PASS" starttime="20210823 12:05:23.595" endtime="20210823 12:05:23.774"/>
</kw>
<kw name="When User click the login button" library="Login_Keywords">
<kw name="Wait Until Element Is Visible" library="SeleniumLibrary">
<arg>${LOGIN_BUTTON}</arg>
<doc>Waits until the element ``locator`` is visible.</doc>
<status status="PASS" starttime="20210823 12:05:23.775" endtime="20210823 12:05:23.802"/>
</kw>
<kw name="Click Element" library="SeleniumLibrary">
<arg>${LOGIN_BUTTON}</arg>
<doc>Click the element identified by ``locator``.</doc>
<msg timestamp="20210823 12:05:23.803" level="INFO">Clicking element '//input[@data-test="login-button"]'.</msg>
<status status="PASS" starttime="20210823 12:05:23.802" endtime="20210823 12:05:23.895"/>
</kw>
<status status="PASS" starttime="20210823 12:05:23.774" endtime="20210823 12:05:23.896"/>
</kw>
<kw name="Then An error message will appear" library="Login_Keywords">
<arg>${errorMessage}</arg>
<kw name="Wait Until Element Is Visible" library="SeleniumLibrary">
<arg>${ERROR_MESSAGE_TEXT}</arg>
<doc>Waits until the element ``locator`` is visible.</doc>
<status status="PASS" starttime="20210823 12:05:23.897" endtime="20210823 12:05:23.933"/>
</kw>
<kw name="Element Should Contain" library="SeleniumLibrary">
<arg>${ERROR_MESSAGE_TEXT}</arg>
<arg>${errorMessage}</arg>
<doc>Verifies that element ``locator`` contains text ``expected``.</doc>
<msg timestamp="20210823 12:05:23.969" level="INFO">Element '//h3[@data-test="error"]' contains text 'Epic sadface: Sorry, this user has been locked out.'.</msg>
<status status="PASS" starttime="20210823 12:05:23.933" endtime="20210823 12:05:23.970"/>
</kw>
<status status="PASS" starttime="20210823 12:05:23.896" endtime="20210823 12:05:23.970"/>
</kw>
<status status="PASS" starttime="20210823 12:05:23.118" endtime="20210823 12:05:23.970"/>
</kw>
<kw name="End Web Test" library="Global_Keywords" type="TEARDOWN">
<doc>Closes browser after delay</doc>
<kw name="Sleep" library="BuiltIn">
<arg>2s</arg>
<doc>Pauses the test executed for the given time.</doc>
<msg timestamp="20210823 12:05:25.975" level="INFO">Slept 2 seconds</msg>
<status status="PASS" starttime="20210823 12:05:23.972" endtime="20210823 12:05:25.975"/>
</kw>
<kw name="Close Browser" library="SeleniumLibrary">
<doc>Closes the current browser.</doc>
<status status="PASS" starttime="20210823 12:05:25.975" endtime="20210823 12:05:28.293"/>
</kw>
<status status="PASS" starttime="20210823 12:05:23.971" endtime="20210823 12:05:28.293"/>
</kw>
<status status="PASS" starttime="20210823 12:05:20.383" endtime="20210823 12:05:28.294"/>
</test>
<doc>Contains all the test cases of the login page</doc>
<status status="PASS" starttime="20210823 12:04:45.039" endtime="20210823 12:05:28.296"/>
</suite>
<suite id="s1-s2" name="SwagLabsUsers" source="C:\Users\justin.guma\Desktop\SauceDemo\SwagLabs\SwagLabs\SwagLabsUsers.robot">
<test id="s1-s2-t1" name="Verify Sauce Demo using standard user">
<kw name="Navigate To Site" library="Global_Keywords" type="SETUP">
<doc>Open a browser and navigate to the site</doc>
<kw name="Open Browser" library="SeleniumLibrary">
<arg>${URL}</arg>
<arg>${BROWSER}</arg>
<doc>Opens a new browser instance to the optional ``url``.</doc>
<msg timestamp="20210823 12:05:28.382" level="INFO">Opening browser 'gc' to base url 'https://www.saucedemo.com/'.</msg>
<status status="PASS" starttime="20210823 12:05:28.381" endtime="20210823 12:05:30.651"/>
</kw>
<kw name="Maximize Browser Window" library="SeleniumLibrary">
<doc>Maximizes current browser window.</doc>
<status status="PASS" starttime="20210823 12:05:30.651" endtime="20210823 12:05:30.800"/>
</kw>
<status status="PASS" starttime="20210823 12:05:28.380" endtime="20210823 12:05:30.800"/>
</kw>
<kw name="Standard Problem Performance Glitch Users">
<arg>${STANDARD_USER}</arg>
<arg>${SECRET_SAUCE}</arg>
<kw name="User entered valid ${username} and ${password}" sourcename="User entered valid ${username} and ${password}">
<kw name="Given That the user is on the login page" library="Login_Keywords">
<kw name="Title Should Be" library="SeleniumLibrary">
<arg>Swag Labs</arg>
<doc>Verifies that the current page title equals ``title``.</doc>
<msg timestamp="20210823 12:05:30.820" level="INFO">Page title is 'Swag Labs'.</msg>
<status status="PASS" starttime="20210823 12:05:30.809" endtime="20210823 12:05:30.820"/>
</kw>
<kw name="Get Location" library="SeleniumLibrary">
<var>${activeURL}</var>
<doc>Returns the current browser window URL.</doc>
<msg timestamp="20210823 12:05:30.829" level="INFO">${activeURL} = https://www.saucedemo.com/</msg>
<status status="PASS" starttime="20210823 12:05:30.821" endtime="20210823 12:05:30.830"/>
</kw>
<kw name="Should Be Equal" library="BuiltIn">
<arg>${activeURL}</arg>
<arg>${URL}</arg>
<doc>Fails if the given objects are unequal.</doc>
<status status="PASS" starttime="20210823 12:05:30.830" endtime="20210823 12:05:30.831"/>
</kw>
<kw name="Wait Until Element Is Visible" library="SeleniumLibrary">
<arg>${LOGIN_LOGO}</arg>
<doc>Waits until the element ``locator`` is visible.</doc>
<status status="PASS" starttime="20210823 12:05:30.832" endtime="20210823 12:05:30.887"/>
</kw>
<kw name="Wait Until Element Is Visible" library="SeleniumLibrary">
<arg>${USERNAME_TEXTBOX}</arg>
<doc>Waits until the element ``locator`` is visible.</doc>
<status status="PASS" starttime="20210823 12:05:30.888" endtime="20210823 12:05:30.939"/>
</kw>
<kw name="Wait Until Element Is Visible" library="SeleniumLibrary">
<arg>${PASSWORD_TEXTBOX}</arg>
<doc>Waits until the element ``locator`` is visible.</doc>
<status status="PASS" starttime="20210823 12:05:30.940" endtime="20210823 12:05:30.979"/>
</kw>
<kw name="Wait Until Element Is Visible" library="SeleniumLibrary">
<arg>${LOGIN_BUTTON}</arg>
<doc>Waits until the element ``locator`` is visible.</doc>
<status status="PASS" starttime="20210823 12:05:30.980" endtime="20210823 12:05:31.025"/>
</kw>
<status status="PASS" starttime="20210823 12:05:30.808" endtime="20210823 12:05:31.026"/>
</kw>
<kw name="And User enter username ${username}" library="Global_Keywords" sourcename="User enter username ${username}">
<kw name="Wait Until Element Is Visible" library="SeleniumLibrary">
<arg>${USERNAME_TEXTBOX}</arg>
<doc>Waits until the element ``locator`` is visible.</doc>
<status status="PASS" starttime="20210823 12:05:31.027" endtime="20210823 12:05:31.056"/>
</kw>
<kw name="Input Text" library="SeleniumLibrary">
<arg>${USERNAME_TEXTBOX}</arg>
<arg>${username}</arg>
<doc>Types the given ``text`` into the text field identified by ``locator``.</doc>
<msg timestamp="20210823 12:05:31.057" level="INFO">Typing text 'standard_user' into text field '//input[@data-test="username"]'.</msg>
<status status="PASS" starttime="20210823 12:05:31.056" endtime="20210823 12:05:31.240"/>
</kw>
<status status="PASS" starttime="20210823 12:05:31.026" endtime="20210823 12:05:31.241"/>
</kw>
<kw name="And User enter password ${password}" library="Global_Keywords" sourcename="User enter password ${password}">
<kw name="Wait Until Element Is Visible" library="SeleniumLibrary">
<arg>${PASSWORD_TEXTBOX}</arg>
<doc>Waits until the element ``locator`` is visible.</doc>
<status status="PASS" starttime="20210823 12:05:31.242" endtime="20210823 12:05:31.267"/>
</kw>
<kw name="Input Password" library="SeleniumLibrary">
<arg>${PASSWORD_TEXTBOX}</arg>
<arg>${password}</arg>
<doc>Types the given password into the text field identified by ``locator``.</doc>
<msg timestamp="20210823 12:05:31.269" level="INFO">Typing password into text field '//input[@data-test="password"]'.</msg>
<msg timestamp="20210823 12:05:31.329" level="INFO">Temporally setting log level to: NONE</msg>
<msg timestamp="20210823 12:05:31.417" level="INFO">Log level changed from NONE to INFO.</msg>
<status status="PASS" starttime="20210823 12:05:31.268" endtime="20210823 12:05:31.417"/>
</kw>
<status status="PASS" starttime="20210823 12:05:31.241" endtime="20210823 12:05:31.418"/>
</kw>
<kw name="When User click the login button" library="Login_Keywords">
<kw name="Wait Until Element Is Visible" library="SeleniumLibrary">
<arg>${LOGIN_BUTTON}</arg>
<doc>Waits until the element ``locator`` is visible.</doc>
<status status="PASS" starttime="20210823 12:05:31.419" endtime="20210823 12:05:31.447"/>
</kw>
<kw name="Click Element" library="SeleniumLibrary">
<arg>${LOGIN_BUTTON}</arg>
<doc>Click the element identified by ``locator``.</doc>
<msg timestamp="20210823 12:05:31.448" level="INFO">Clicking element '//input[@data-test="login-button"]'.</msg>
<status status="PASS" starttime="20210823 12:05:31.447" endtime="20210823 12:05:31.646"/>
</kw>
<status status="PASS" starttime="20210823 12:05:31.418" endtime="20210823 12:05:31.647"/>
</kw>
<status status="PASS" starttime="20210823 12:05:30.805" endtime="20210823 12:05:31.647"/>
</kw>
<kw name="User should be able to sort the sort options">
<doc>Check if sort dropdown contains all the options</doc>
<kw name="Given User is on the homepage" library="Global_Keywords">
<kw name="Go To" library="SeleniumLibrary">
<arg>https://www.saucedemo.com/inventory.html</arg>
<doc>Navigates the current browser window to the provided ``url``.</doc>
<msg timestamp="20210823 12:05:31.650" level="INFO">Opening url 'https://www.saucedemo.com/inventory.html'</msg>
<status status="PASS" starttime="20210823 12:05:31.649" endtime="20210823 12:05:33.772"/>
</kw>
<kw name="Wait Until Element Is Visible" library="SeleniumLibrary">
<arg>${HOMEPAGE_HEADER_TITLE}</arg>
<doc>Waits until the element ``locator`` is visible.</doc>
<status status="PASS" starttime="20210823 12:05:33.773" endtime="20210823 12:05:33.815"/>
</kw>
<kw name="Wait Until Element Is Visible" library="SeleniumLibrary">
<arg>${SORT_DROPDOWN}</arg>
<doc>Waits until the element ``locator`` is visible.</doc>
<status status="PASS" starttime="20210823 12:05:33.816" endtime="20210823 12:05:33.853"/>
</kw>
<status status="PASS" starttime="20210823 12:05:31.649" endtime="20210823 12:05:33.853"/>
</kw>
<kw name="When User click on the sort dropdown" library="Homepage_Keywords">
<kw name="Page Should Contain Element" library="SeleniumLibrary">
<arg>${SORT_DROPDOWN}</arg>
<doc>Verifies that element ``locator`` is found on the current page.</doc>
<msg timestamp="20210823 12:05:33.868" level="INFO">Current page contains element '//select[@data-test="product_sort_container"]'.</msg>
<status status="PASS" starttime="20210823 12:05:33.855" endtime="20210823 12:05:33.868"/>
</kw>
<kw name="Click Element" library="SeleniumLibrary">
<arg>${SORT_DROPDOWN}</arg>
<doc>Click the element identified by ``locator``.</doc>
<msg timestamp="20210823 12:05:33.870" level="INFO">Clicking element '//select[@data-test="product_sort_container"]'.</msg>
<status status="PASS" starttime="20210823 12:05:33.869" endtime="20210823 12:05:33.977"/>
</kw>
<status status="PASS" starttime="20210823 12:05:33.854" endtime="20210823 12:05:33.978"/>
</kw>
<kw name="Then User should see the sorting options" library="Homepage_Keywords">
<kw name="Get List Items" library="SeleniumLibrary">
<var>@{sortOptionsElements}</var>
<arg>${SORT_DROPDOWN}</arg>
<doc>Returns all labels or values of selection list ``locator``.</doc>
<msg timestamp="20210823 12:05:34.124" level="INFO">@{sortOptionsElements} = [ Name (A to Z) | Name (Z to A) | Price (low to high) | Price (high to low) ]</msg>
<status status="PASS" starttime="20210823 12:05:33.981" endtime="20210823 12:05:34.124"/>
</kw>
<kw name="Set Suite Variable" library="BuiltIn">
<arg>@{sortOptionsElements}</arg>
<doc>Makes a variable available everywhere within the scope of the current suite.</doc>
<msg timestamp="20210823 12:05:34.126" level="INFO">@{sortOptionsElements} = [ Name (A to Z) | Name (Z to A) | Price (low to high) | Price (high to low) ]</msg>
<status status="PASS" starttime="20210823 12:05:34.125" endtime="20210823 12:05:34.126"/>
</kw>
<kw name="Log" library="BuiltIn">
<arg>${sortOptionsElements}</arg>
<doc>Logs the given message with the given level.</doc>
<msg timestamp="20210823 12:05:34.127" level="INFO">['Name (A to Z)', 'Name (Z to A)', 'Price (low to high)', 'Price (high to low)']</msg>
<status status="PASS" starttime="20210823 12:05:34.126" endtime="20210823 12:05:34.127"/>
</kw>
<kw name="Should Be Equal" library="BuiltIn">
<arg>${sortOptionsElements}[0]</arg>
<arg>Name (A to Z)</arg>
<doc>Fails if the given objects are unequal.</doc>
<status status="PASS" starttime="20210823 12:05:34.127" endtime="20210823 12:05:34.128"/>
</kw>
<kw name="Should Be Equal" library="BuiltIn">
<arg>${sortOptionsElements}[1]</arg>
<arg>Name (Z to A)</arg>
<doc>Fails if the given objects are unequal.</doc>
<status status="PASS" starttime="20210823 12:05:34.129" endtime="20210823 12:05:34.130"/>
</kw>
<kw name="Should Be Equal" library="BuiltIn">
<arg>${sortOptionsElements}[2]</arg>
<arg>Price (low to high)</arg>
<doc>Fails if the given objects are unequal.</doc>
<status status="PASS" starttime="20210823 12:05:34.130" endtime="20210823 12:05:34.131"/>
</kw>
<kw name="Should Be Equal" library="BuiltIn">
<arg>${sortOptionsElements}[3]</arg>
<arg>Price (high to low)</arg>
<doc>Fails if the given objects are unequal.</doc>
<status status="PASS" starttime="20210823 12:05:34.132" endtime="20210823 12:05:34.132"/>
</kw>
<status status="PASS" starttime="20210823 12:05:33.979" endtime="20210823 12:05:34.133"/>
</kw>
<status status="PASS" starttime="20210823 12:05:31.647" endtime="20210823 12:05:34.133"/>
</kw>
<kw name="User should be able to sort the products by name A to Z">
<doc>Check if products can be sorted from A to Z</doc>
<kw name="Given User is on the homepage" library="Global_Keywords">
<kw name="Go To" library="SeleniumLibrary">
<arg>https://www.saucedemo.com/inventory.html</arg>
<doc>Navigates the current browser window to the provided ``url``.</doc>
<msg timestamp="20210823 12:05:34.135" level="INFO">Opening url 'https://www.saucedemo.com/inventory.html'</msg>
<status status="PASS" starttime="20210823 12:05:34.135" endtime="20210823 12:05:34.484"/>
</kw>
<kw name="Wait Until Element Is Visible" library="SeleniumLibrary">
<arg>${HOMEPAGE_HEADER_TITLE}</arg>
<doc>Waits until the element ``locator`` is visible.</doc>
<status status="PASS" starttime="20210823 12:05:34.484" endtime="20210823 12:05:34.530"/>
</kw>
<kw name="Wait Until Element Is Visible" library="SeleniumLibrary">
<arg>${SORT_DROPDOWN}</arg>
<doc>Waits until the element ``locator`` is visible.</doc>
<status status="PASS" starttime="20210823 12:05:34.530" endtime="20210823 12:05:34.565"/>
</kw>
<status status="PASS" starttime="20210823 12:05:34.134" endtime="20210823 12:05:34.565"/>
</kw>
<kw name="And User click on the sort dropdown" library="Homepage_Keywords">
<kw name="Page Should Contain Element" library="SeleniumLibrary">
<arg>${SORT_DROPDOWN}</arg>
<doc>Verifies that element ``locator`` is found on the current page.</doc>
<msg timestamp="20210823 12:05:34.581" level="INFO">Current page contains element '//select[@data-test="product_sort_container"]'.</msg>
<status status="PASS" starttime="20210823 12:05:34.567" endtime="20210823 12:05:34.581"/>
</kw>
<kw name="Click Element" library="SeleniumLibrary">
<arg>${SORT_DROPDOWN}</arg>
<doc>Click the element identified by ``locator``.</doc>
<msg timestamp="20210823 12:05:34.582" level="INFO">Clicking element '//select[@data-test="product_sort_container"]'.</msg>
<status status="PASS" starttime="20210823 12:05:34.581" endtime="20210823 12:05:34.782"/>
</kw>
<status status="PASS" starttime="20210823 12:05:34.566" endtime="20210823 12:05:34.783"/>
</kw>
<kw name="When User select sort ${A_TO_Z}" library="Homepage_Keywords" sourcename="User select sort ${sortOption}">
<kw name="Select From List By Label" library="SeleniumLibrary">
<arg>${SORT_DROPDOWN}</arg>
<arg>${sortOption}</arg>
<doc>Selects options from selection list ``locator`` by ``labels``.</doc>
<msg timestamp="20210823 12:05:34.787" level="INFO">Selecting options from selection list '//select[@data-test="product_sort_container"]' by label Name (A to Z).</msg>
<status status="PASS" starttime="20210823 12:05:34.786" endtime="20210823 12:05:34.850"/>
</kw>
<kw name="Run Keyword And Continue On Failure" library="BuiltIn">
<arg>List Selection Should Be</arg>
<arg>${SORT_DROPDOWN}</arg>
<arg>${sortOption}</arg>
<doc>Runs the keyword and continues execution even if a failure occurs.</doc>
<kw name="List Selection Should Be" library="SeleniumLibrary">
<arg>${SORT_DROPDOWN}</arg>
<arg>${sortOption}</arg>
<doc>Verifies selection list ``locator`` has ``expected`` options selected.</doc>
<msg timestamp="20210823 12:05:34.852" level="INFO">Verifying list '//select[@data-test="product_sort_container"]' has option [ Name (A to Z) ] selected.</msg>
<msg timestamp="20210823 12:05:34.867" level="INFO">Current page contains list '//select[@data-test="product_sort_container"]'.</msg>
<status status="PASS" starttime="20210823 12:05:34.851" endtime="20210823 12:05:34.973"/>
</kw>
<status status="PASS" starttime="20210823 12:05:34.851" endtime="20210823 12:05:34.973"/>
</kw>
<kw name="Sleep" library="BuiltIn">
<arg>3s</arg>
<doc>Pauses the test executed for the given time.</doc>
<msg timestamp="20210823 12:05:37.975" level="INFO">Slept 3 seconds</msg>
<status status="PASS" starttime="20210823 12:05:34.974" endtime="20210823 12:05:37.975"/>
</kw>
<status status="PASS" starttime="20210823 12:05:34.784" endtime="20210823 12:05:37.975"/>
</kw>
<kw name="Then Products should be sorted from A to Z" library="Homepage_Keywords">
<kw name="Get all the ${PRODUCTS_NAMES}" library="Global_Keywords" sourcename="Get all the ${listItem}">
<kw name="Get WebElements" library="SeleniumLibrary">
<var>@{listElements}</var>
<arg>${listItem}</arg>
<doc>Returns a list of WebElement objects matching the ``locator``.</doc>
<msg timestamp="20210823 12:05:37.996" level="INFO">@{listElements} = [ &lt;selenium.webdriver.remote.webelement.WebElement (session="e155ee37f0415e96e1075b4133b5c163", element="eea0fe54-f329-42f3-bc42-de9b0f3b1de9")&gt; | &lt;selenium.webdriver.remote.webelement.WebElement (ses...</msg>
<status status="PASS" starttime="20210823 12:05:37.978" endtime="20210823 12:05:37.998"/>
</kw>
<kw name="Get Length" library="BuiltIn">
<var>${listCount}</var>
<arg>${listElements}</arg>
<doc>Returns and logs the length of the given item as an integer.</doc>
<msg timestamp="20210823 12:05:37.999" level="INFO">Length is 6</msg>
<msg timestamp="20210823 12:05:37.999" level="INFO">${listCount} = 6</msg>
<status status="PASS" starttime="20210823 12:05:37.999" endtime="20210823 12:05:37.999"/>
</kw>
<kw name="Create List" library="BuiltIn">
<var>@{listText}</var>
<doc>Returns a list containing given items.</doc>
<msg timestamp="20210823 12:05:38.000" level="INFO">@{listText} = [ ]</msg>
<status status="PASS" starttime="20210823 12:05:38.000" endtime="20210823 12:05:38.000"/>
</kw>
<kw name="Set Suite Variable" library="BuiltIn">
<arg>${listText}</arg>
<doc>Makes a variable available everywhere within the scope of the current suite.</doc>
<msg timestamp="20210823 12:05:38.002" level="INFO">${listText} = []</msg>
<status status="PASS" starttime="20210823 12:05:38.001" endtime="20210823 12:05:38.002"/>
</kw>
<for flavor="IN">
<var>${item}</var>
<value>@{listElements}</value>
<iter>
<var name="${item}">&lt;selenium.webdriver.remote.webelement.WebElement (session="e155ee37f0415e96e1075b4133b5c163", element="eea0fe54-f329-42f3-bc42-de9b0f3b1de9")&gt;</var>
<kw name="Get Text" library="SeleniumLibrary">
<var>${listNames}</var>
<arg>${item}</arg>
<doc>Returns the text value of the element identified by ``locator``.</doc>
<msg timestamp="20210823 12:05:38.023" level="INFO">${listNames} = Sauce Labs Backpack</msg>
<status status="PASS" starttime="20210823 12:05:38.002" endtime="20210823 12:05:38.024"/>
</kw>
<kw name="Append To List" library="Collections">
<arg>${listText}</arg>
<arg>${listNames}</arg>
<doc>Adds ``values`` to the end of ``list``.</doc>
<status status="PASS" starttime="20210823 12:05:38.024" endtime="20210823 12:05:38.024"/>
</kw>
<status status="PASS" starttime="20210823 12:05:38.002" endtime="20210823 12:05:38.024"/>
</iter>
<iter>
<var name="${item}">&lt;selenium.webdriver.remote.webelement.WebElement (session="e155ee37f0415e96e1075b4133b5c163", element="1c131dab-fe1c-4dcf-ae61-ef7fa93885e8")&gt;</var>
<kw name="Get Text" library="SeleniumLibrary">
<var>${listNames}</var>
<arg>${item}</arg>
<doc>Returns the text value of the element identified by ``locator``.</doc>
<msg timestamp="20210823 12:05:38.044" level="INFO">${listNames} = Sauce Labs Bike Light</msg>
<status status="PASS" starttime="20210823 12:05:38.025" endtime="20210823 12:05:38.044"/>
</kw>
<kw name="Append To List" library="Collections">
<arg>${listText}</arg>
<arg>${listNames}</arg>
<doc>Adds ``values`` to the end of ``list``.</doc>
<status status="PASS" starttime="20210823 12:05:38.045" endtime="20210823 12:05:38.045"/>
</kw>
<status status="PASS" starttime="20210823 12:05:38.025" endtime="20210823 12:05:38.046"/>
</iter>
<iter>
<var name="${item}">&lt;selenium.webdriver.remote.webelement.WebElement (session="e155ee37f0415e96e1075b4133b5c163", element="20696d16-cdca-447e-9ea3-45f45cd6c632")&gt;</var>
<kw name="Get Text" library="SeleniumLibrary">
<var>${listNames}</var>
<arg>${item}</arg>
<doc>Returns the text value of the element identified by ``locator``.</doc>
<msg timestamp="20210823 12:05:38.067" level="INFO">${listNames} = Sauce Labs Bolt T-Shirt</msg>
<status status="PASS" starttime="20210823 12:05:38.046" endtime="20210823 12:05:38.067"/>
</kw>
<kw name="Append To List" library="Collections">
<arg>${listText}</arg>
<arg>${listNames}</arg>
<doc>Adds ``values`` to the end of ``list``.</doc>
<status status="PASS" starttime="20210823 12:05:38.068" endtime="20210823 12:05:38.068"/>
</kw>
<status status="PASS" starttime="20210823 12:05:38.046" endtime="20210823 12:05:38.068"/>
</iter>
<iter>
<var name="${item}">&lt;selenium.webdriver.remote.webelement.WebElement (session="e155ee37f0415e96e1075b4133b5c163", element="d7cb5a7e-b137-4547-86b9-22a9b61cb7a7")&gt;</var>
<kw name="Get Text" library="SeleniumLibrary">
<var>${listNames}</var>
<arg>${item}</arg>
<doc>Returns the text value of the element identified by ``locator``.</doc>
<msg timestamp="20210823 12:05:38.089" level="INFO">${listNames} = Sauce Labs Fleece Jacket</msg>
<status status="PASS" starttime="20210823 12:05:38.069" endtime="20210823 12:05:38.090"/>
</kw>
<kw name="Append To List" library="Collections">
<arg>${listText}</arg>
<arg>${listNames}</arg>
<doc>Adds ``values`` to the end of ``list``.</doc>
<status status="PASS" starttime="20210823 12:05:38.090" endtime="20210823 12:05:38.091"/>
</kw>
<status status="PASS" starttime="20210823 12:05:38.069" endtime="20210823 12:05:38.091"/>
</iter>
<iter>
<var name="${item}">&lt;selenium.webdriver.remote.webelement.WebElement (session="e155ee37f0415e96e1075b4133b5c163", element="680763b9-4079-46d1-996c-7dbc623100ae")&gt;</var>
<kw name="Get Text" library="SeleniumLibrary">
<var>${listNames}</var>
<arg>${item}</arg>
<doc>Returns the text value of the element identified by ``locator``.</doc>
<msg timestamp="20210823 12:05:38.115" level="INFO">${listNames} = Sauce Labs Onesie</msg>
<status status="PASS" starttime="20210823 12:05:38.091" endtime="20210823 12:05:38.115"/>
</kw>
<kw name="Append To List" library="Collections">
<arg>${listText}</arg>
<arg>${listNames}</arg>
<doc>Adds ``values`` to the end of ``list``.</doc>
<status status="PASS" starttime="20210823 12:05:38.116" endtime="20210823 12:05:38.116"/>
</kw>
<status status="PASS" starttime="20210823 12:05:38.091" endtime="20210823 12:05:38.116"/>
</iter>
<iter>
<var name="${item}">&lt;selenium.webdriver.remote.webelement.WebElement (session="e155ee37f0415e96e1075b4133b5c163", element="13fce686-4664-47c1-a6b3-60c68fc61b1e")&gt;</var>
<kw name="Get Text" library="SeleniumLibrary">
<var>${listNames}</var>
<arg>${item}</arg>
<doc>Returns the text value of the element identified by ``locator``.</doc>
<msg timestamp="20210823 12:05:38.137" level="INFO">${listNames} = Test.allTheThings() T-Shirt (Red)</msg>
<status status="PASS" starttime="20210823 12:05:38.117" endtime="20210823 12:05:38.137"/>
</kw>
<kw name="Append To List" library="Collections">
<arg>${listText}</arg>
<arg>${listNames}</arg>
<doc>Adds ``values`` to the end of ``list``.</doc>
<status status="PASS" starttime="20210823 12:05:38.137" endtime="20210823 12:05:38.138"/>
</kw>
<status status="PASS" starttime="20210823 12:05:38.117" endtime="20210823 12:05:38.138"/>
</iter>
<status status="PASS" starttime="20210823 12:05:38.002" endtime="20210823 12:05:38.138"/>
</for>
<kw name="Log" library="BuiltIn">
<arg>${listText}</arg>
<doc>Logs the given message with the given level.</doc>
<msg timestamp="20210823 12:05:38.139" level="INFO">['Sauce Labs Backpack', 'Sauce Labs Bike Light', 'Sauce Labs Bolt T-Shirt', 'Sauce Labs Fleece Jacket', 'Sauce Labs Onesie', 'Test.allTheThings() T-Shirt (Red)']</msg>
<status status="PASS" starttime="20210823 12:05:38.139" endtime="20210823 12:05:38.139"/>
</kw>
<status status="PASS" starttime="20210823 12:05:37.977" endtime="20210823 12:05:38.140"/>
</kw>
<kw name="Sort in Ascending Order" library="Homepage_Keywords">
<var>${final_sorted_list}</var>
<arg>${listText}</arg>
<doc>Ascending Order Sort</doc>
<kw name="Create Dictionary" library="BuiltIn">
<var>${ns}</var>
<arg>alphabet=${alphabet}</arg>
<arg>input_list=${inputList}</arg>
<doc>Creates and returns a dictionary based on the given ``items``.</doc>
<msg timestamp="20210823 12:05:38.142" level="INFO">${ns} = {'alphabet': ' _0123456789AaBbCcDdEeFfGgHhIiJjKkLlMmNnOoPpQqRrSsTtUuVvWwXxYyZz', 'input_list': ['Sauce Labs Backpack', 'Sauce Labs Bike Light', 'Sauce Labs Bolt T-Shirt', 'Sauce Labs Fleece Jacket', '...</msg>
<status status="PASS" starttime="20210823 12:05:38.141" endtime="20210823 12:05:38.142"/>
</kw>
<kw name="Evaluate" library="BuiltIn">
<var>${sorted}</var>
<arg>sorted(input_list, key=lambda word: [alphabet.index(c) if c in alphabet else ord(c) for c in word])</arg>
<arg>namespace=${ns}</arg>
<doc>Evaluates the given expression in Python and returns the result.</doc>
<msg timestamp="20210823 12:05:38.144" level="INFO">${sorted} = ['Sauce Labs Backpack', 'Sauce Labs Bike Light', 'Sauce Labs Bolt T-Shirt', 'Sauce Labs Fleece Jacket', 'Sauce Labs Onesie', 'Test.allTheThings() T-Shirt (Red)']</msg>
<status status="PASS" starttime="20210823 12:05:38.143" endtime="20210823 12:05:38.144"/>
</kw>
<msg timestamp="20210823 12:05:38.144" level="INFO">${final_sorted_list} = ['Sauce Labs Backpack', 'Sauce Labs Bike Light', 'Sauce Labs Bolt T-Shirt', 'Sauce Labs Fleece Jacket', 'Sauce Labs Onesie', 'Test.allTheThings() T-Shirt (Red)']</msg>
<status status="PASS" starttime="20210823 12:05:38.140" endtime="20210823 12:05:38.144"/>
</kw>
<kw name="Run Keyword And Continue On Failure" library="BuiltIn">
<arg>lists should be equal</arg>
<arg>${final_sorted_list}</arg>
<arg>${listText}</arg>
<doc>Runs the keyword and continues execution even if a failure occurs.</doc>
<kw name="Lists Should Be Equal" library="Collections">
<arg>${final_sorted_list}</arg>
<arg>${listText}</arg>
<doc>Fails if given lists are unequal.</doc>
<status status="PASS" starttime="20210823 12:05:38.145" endtime="20210823 12:05:38.145"/>
</kw>
<status status="PASS" starttime="20210823 12:05:38.144" endtime="20210823 12:05:38.145"/>
</kw>
<kw name="Log" library="BuiltIn">
<arg>${final_sorted_list}</arg>
<doc>Logs the given message with the given level.</doc>
<msg timestamp="20210823 12:05:38.146" level="INFO">['Sauce Labs Backpack', 'Sauce Labs Bike Light', 'Sauce Labs Bolt T-Shirt', 'Sauce Labs Fleece Jacket', 'Sauce Labs Onesie', 'Test.allTheThings() T-Shirt (Red)']</msg>
<status status="PASS" starttime="20210823 12:05:38.146" endtime="20210823 12:05:38.146"/>
</kw>
<kw name="Log" library="BuiltIn">
<arg>${listText}</arg>
<doc>Logs the given message with the given level.</doc>
<msg timestamp="20210823 12:05:38.146" level="INFO">['Sauce Labs Backpack', 'Sauce Labs Bike Light', 'Sauce Labs Bolt T-Shirt', 'Sauce Labs Fleece Jacket', 'Sauce Labs Onesie', 'Test.allTheThings() T-Shirt (Red)']</msg>
<status status="PASS" starttime="20210823 12:05:38.146" endtime="20210823 12:05:38.147"/>
</kw>
<status status="PASS" starttime="20210823 12:05:37.976" endtime="20210823 12:05:38.147"/>
</kw>
<status status="PASS" starttime="20210823 12:05:34.133" endtime="20210823 12:05:38.147"/>
</kw>
<kw name="User should be able to sort the products by name Z to A">
<doc>Check if products can be sorted from Z to A</doc>
<kw name="Given User is on the homepage" library="Global_Keywords">
<kw name="Go To" library="SeleniumLibrary">
<arg>https://www.saucedemo.com/inventory.html</arg>
<doc>Navigates the current browser window to the provided ``url``.</doc>
<msg timestamp="20210823 12:05:38.148" level="INFO">Opening url 'https://www.saucedemo.com/inventory.html'</msg>
<status status="PASS" starttime="20210823 12:05:38.148" endtime="20210823 12:05:38.315"/>
</kw>
<kw name="Wait Until Element Is Visible" library="SeleniumLibrary">
<arg>${HOMEPAGE_HEADER_TITLE}</arg>
<doc>Waits until the element ``locator`` is visible.</doc>
<status status="PASS" starttime="20210823 12:05:38.316" endtime="20210823 12:05:38.354"/>
</kw>
<kw name="Wait Until Element Is Visible" library="SeleniumLibrary">
<arg>${SORT_DROPDOWN}</arg>
<doc>Waits until the element ``locator`` is visible.</doc>
<status status="PASS" starttime="20210823 12:05:38.355" endtime="20210823 12:05:38.391"/>
</kw>
<status status="PASS" starttime="20210823 12:05:38.148" endtime="20210823 12:05:38.392"/>
</kw>
<kw name="And User click on the sort dropdown" library="Homepage_Keywords">
<kw name="Page Should Contain Element" library="SeleniumLibrary">
<arg>${SORT_DROPDOWN}</arg>
<doc>Verifies that element ``locator`` is found on the current page.</doc>
<msg timestamp="20210823 12:05:38.408" level="INFO">Current page contains element '//select[@data-test="product_sort_container"]'.</msg>
<status status="PASS" starttime="20210823 12:05:38.393" endtime="20210823 12:05:38.408"/>
</kw>
<kw name="Click Element" library="SeleniumLibrary">
<arg>${SORT_DROPDOWN}</arg>
<doc>Click the element identified by ``locator``.</doc>
<msg timestamp="20210823 12:05:38.409" level="INFO">Clicking element '//select[@data-test="product_sort_container"]'.</msg>
<status status="PASS" starttime="20210823 12:05:38.409" endtime="20210823 12:05:38.591"/>
</kw>
<status status="PASS" starttime="20210823 12:05:38.392" endtime="20210823 12:05:38.592"/>
</kw>
<kw name="When User select sort ${Z_TO_A}" library="Homepage_Keywords" sourcename="User select sort ${sortOption}">
<kw name="Select From List By Label" library="SeleniumLibrary">
<arg>${SORT_DROPDOWN}</arg>
<arg>${sortOption}</arg>
<doc>Selects options from selection list ``locator`` by ``labels``.</doc>
<msg timestamp="20210823 12:05:38.594" level="INFO">Selecting options from selection list '//select[@data-test="product_sort_container"]' by label Name (Z to A).</msg>
<status status="PASS" starttime="20210823 12:05:38.593" endtime="20210823 12:05:38.735"/>
</kw>
<kw name="Run Keyword And Continue On Failure" library="BuiltIn">
<arg>List Selection Should Be</arg>
<arg>${SORT_DROPDOWN}</arg>
<arg>${sortOption}</arg>
<doc>Runs the keyword and continues execution even if a failure occurs.</doc>
<kw name="List Selection Should Be" library="SeleniumLibrary">
<arg>${SORT_DROPDOWN}</arg>
<arg>${sortOption}</arg>
<doc>Verifies selection list ``locator`` has ``expected`` options selected.</doc>
<msg timestamp="20210823 12:05:38.737" level="INFO">Verifying list '//select[@data-test="product_sort_container"]' has option [ Name (Z to A) ] selected.</msg>
<msg timestamp="20210823 12:05:38.753" level="INFO">Current page contains list '//select[@data-test="product_sort_container"]'.</msg>
<status status="PASS" starttime="20210823 12:05:38.736" endtime="20210823 12:05:38.884"/>
</kw>
<status status="PASS" starttime="20210823 12:05:38.736" endtime="20210823 12:05:38.884"/>
</kw>
<kw name="Sleep" library="BuiltIn">
<arg>3s</arg>
<doc>Pauses the test executed for the given time.</doc>
<msg timestamp="20210823 12:05:41.886" level="INFO">Slept 3 seconds</msg>
<status status="PASS" starttime="20210823 12:05:38.885" endtime="20210823 12:05:41.886"/>
</kw>
<status status="PASS" starttime="20210823 12:05:38.592" endtime="20210823 12:05:41.886"/>
</kw>
<kw name="Then Products should be sorted from Z to A" library="Homepage_Keywords">
<kw name="Get all the ${PRODUCTS_NAMES}" library="Global_Keywords" sourcename="Get all the ${listItem}">
<kw name="Get WebElements" library="SeleniumLibrary">
<var>@{listElements}</var>
<arg>${listItem}</arg>
<doc>Returns a list of WebElement objects matching the ``locator``.</doc>
<msg timestamp="20210823 12:05:41.902" level="INFO">@{listElements} = [ &lt;selenium.webdriver.remote.webelement.WebElement (session="e155ee37f0415e96e1075b4133b5c163", element="2265aee9-9ffa-473e-9b4d-8d502f75ac3c")&gt; | &lt;selenium.webdriver.remote.webelement.WebElement (ses...</msg>
<status status="PASS" starttime="20210823 12:05:41.889" endtime="20210823 12:05:41.902"/>
</kw>
<kw name="Get Length" library="BuiltIn">
<var>${listCount}</var>
<arg>${listElements}</arg>
<doc>Returns and logs the length of the given item as an integer.</doc>
<msg timestamp="20210823 12:05:41.903" level="INFO">Length is 6</msg>
<msg timestamp="20210823 12:05:41.903" level="INFO">${listCount} = 6</msg>
<status status="PASS" starttime="20210823 12:05:41.903" endtime="20210823 12:05:41.903"/>
</kw>
<kw name="Create List" library="BuiltIn">
<var>@{listText}</var>
<doc>Returns a list containing given items.</doc>
<msg timestamp="20210823 12:05:41.905" level="INFO">@{listText} = [ ]</msg>
<status status="PASS" starttime="20210823 12:05:41.904" endtime="20210823 12:05:41.905"/>
</kw>
<kw name="Set Suite Variable" library="BuiltIn">
<arg>${listText}</arg>
<doc>Makes a variable available everywhere within the scope of the current suite.</doc>
<msg timestamp="20210823 12:05:41.906" level="INFO">${listText} = []</msg>
<status status="PASS" starttime="20210823 12:05:41.906" endtime="20210823 12:05:41.907"/>
</kw>
<for flavor="IN">
<var>${item}</var>
<value>@{listElements}</value>
<iter>
<var name="${item}">&lt;selenium.webdriver.remote.webelement.WebElement (session="e155ee37f0415e96e1075b4133b5c163", element="2265aee9-9ffa-473e-9b4d-8d502f75ac3c")&gt;</var>
<kw name="Get Text" library="SeleniumLibrary">
<var>${listNames}</var>
<arg>${item}</arg>
<doc>Returns the text value of the element identified by ``locator``.</doc>
<msg timestamp="20210823 12:05:41.936" level="INFO">${listNames} = Test.allTheThings() T-Shirt (Red)</msg>
<status status="PASS" starttime="20210823 12:05:41.908" endtime="20210823 12:05:41.936"/>
</kw>
<kw name="Append To List" library="Collections">
<arg>${listText}</arg>
<arg>${listNames}</arg>
<doc>Adds ``values`` to the end of ``list``.</doc>
<status status="PASS" starttime="20210823 12:05:41.937" endtime="20210823 12:05:41.938"/>
</kw>
<status status="PASS" starttime="20210823 12:05:41.907" endtime="20210823 12:05:41.938"/>
</iter>
<iter>
<var name="${item}">&lt;selenium.webdriver.remote.webelement.WebElement (session="e155ee37f0415e96e1075b4133b5c163", element="2c082f09-5e3b-45a4-ad09-ea92678fa201")&gt;</var>
<kw name="Get Text" library="SeleniumLibrary">
<var>${listNames}</var>
<arg>${item}</arg>
<doc>Returns the text value of the element identified by ``locator``.</doc>
<msg timestamp="20210823 12:05:41.963" level="INFO">${listNames} = Sauce Labs Onesie</msg>
<status status="PASS" starttime="20210823 12:05:41.938" endtime="20210823 12:05:41.963"/>
</kw>
<kw name="Append To List" library="Collections">
<arg>${listText}</arg>
<arg>${listNames}</arg>
<doc>Adds ``values`` to the end of ``list``.</doc>
<status status="PASS" starttime="20210823 12:05:41.964" endtime="20210823 12:05:41.964"/>
</kw>
<status status="PASS" starttime="20210823 12:05:41.938" endtime="20210823 12:05:41.964"/>
</iter>
<iter>
<var name="${item}">&lt;selenium.webdriver.remote.webelement.WebElement (session="e155ee37f0415e96e1075b4133b5c163", element="fef7489b-452e-4f48-afcd-cf0aec9c4a13")&gt;</var>
<kw name="Get Text" library="SeleniumLibrary">
<var>${listNames}</var>
<arg>${item}</arg>
<doc>Returns the text value of the element identified by ``locator``.</doc>
<msg timestamp="20210823 12:05:41.990" level="INFO">${listNames} = Sauce Labs Fleece Jacket</msg>
<status status="PASS" starttime="20210823 12:05:41.965" endtime="20210823 12:05:41.990"/>
</kw>
<kw name="Append To List" library="Collections">
<arg>${listText}</arg>
<arg>${listNames}</arg>
<doc>Adds ``values`` to the end of ``list``.</doc>
<status status="PASS" starttime="20210823 12:05:41.990" endtime="20210823 12:05:41.991"/>
</kw>
<status status="PASS" starttime="20210823 12:05:41.965" endtime="20210823 12:05:41.991"/>
</iter>
<iter>
<var name="${item}">&lt;selenium.webdriver.remote.webelement.WebElement (session="e155ee37f0415e96e1075b4133b5c163", element="995e1abc-1002-43fb-8ace-814424c9785c")&gt;</var>
<kw name="Get Text" library="SeleniumLibrary">
<var>${listNames}</var>
<arg>${item}</arg>
<doc>Returns the text value of the element identified by ``locator``.</doc>
<msg timestamp="20210823 12:05:42.020" level="INFO">${listNames} = Sauce Labs Bolt T-Shirt</msg>
<status status="PASS" starttime="20210823 12:05:41.992" endtime="20210823 12:05:42.020"/>
</kw>
<kw name="Append To List" library="Collections">
<arg>${listText}</arg>
<arg>${listNames}</arg>
<doc>Adds ``values`` to the end of ``list``.</doc>
<status status="PASS" starttime="20210823 12:05:42.020" endtime="20210823 12:05:42.021"/>
</kw>
<status status="PASS" starttime="20210823 12:05:41.991" endtime="20210823 12:05:42.021"/>
</iter>
<iter>
<var name="${item}">&lt;selenium.webdriver.remote.webelement.WebElement (session="e155ee37f0415e96e1075b4133b5c163", element="1b5f8ea4-349d-43b2-9f1f-02c0a655ef71")&gt;</var>
<kw name="Get Text" library="SeleniumLibrary">
<var>${listNames}</var>
<arg>${item}</arg>
<doc>Returns the text value of the element identified by ``locator``.</doc>
<msg timestamp="20210823 12:05:42.046" level="INFO">${listNames} = Sauce Labs Bike Light</msg>
<status status="PASS" starttime="20210823 12:05:42.022" endtime="20210823 12:05:42.046"/>
</kw>
<kw name="Append To List" library="Collections">
<arg>${listText}</arg>
<arg>${listNames}</arg>
<doc>Adds ``values`` to the end of ``list``.</doc>
<status status="PASS" starttime="20210823 12:05:42.047" endtime="20210823 12:05:42.048"/>
</kw>
<status status="PASS" starttime="20210823 12:05:42.021" endtime="20210823 12:05:42.048"/>
</iter>
<iter>
<var name="${item}">&lt;selenium.webdriver.remote.webelement.WebElement (session="e155ee37f0415e96e1075b4133b5c163", element="17bef821-e576-4d58-9a3e-af6e6e910e79")&gt;</var>
<kw name="Get Text" library="SeleniumLibrary">
<var>${listNames}</var>
<arg>${item}</arg>
<doc>Returns the text value of the element identified by ``locator``.</doc>
<msg timestamp="20210823 12:05:42.076" level="INFO">${listNames} = Sauce Labs Backpack</msg>
<status status="PASS" starttime="20210823 12:05:42.048" endtime="20210823 12:05:42.076"/>
</kw>
<kw name="Append To List" library="Collections">
<arg>${listText}</arg>
<arg>${listNames}</arg>
<doc>Adds ``values`` to the end of ``list``.</doc>
<status status="PASS" starttime="20210823 12:05:42.077" endtime="20210823 12:05:42.077"/>
</kw>
<status status="PASS" starttime="20210823 12:05:42.048" endtime="20210823 12:05:42.078"/>
</iter>
<status status="PASS" starttime="20210823 12:05:41.907" endtime="20210823 12:05:42.078"/>
</for>
<kw name="Log" library="BuiltIn">
<arg>${listText}</arg>
<doc>Logs the given message with the given level.</doc>
<msg timestamp="20210823 12:05:42.079" level="INFO">['Test.allTheThings() T-Shirt (Red)', 'Sauce Labs Onesie', 'Sauce Labs Fleece Jacket', 'Sauce Labs Bolt T-Shirt', 'Sauce Labs Bike Light', 'Sauce Labs Backpack']</msg>
<status status="PASS" starttime="20210823 12:05:42.078" endtime="20210823 12:05:42.079"/>
</kw>
<status status="PASS" starttime="20210823 12:05:41.888" endtime="20210823 12:05:42.079"/>
</kw>
<kw name="Sort in Descending Order" library="Homepage_Keywords">
<var>${final_sorted_list}</var>
<arg>${listText}</arg>
<doc>Descending Order Sort</doc>
<kw name="Set Variable" library="BuiltIn">
<var>${alphabetDescending}</var>
<arg>zZyYxXwWvVuUtTsSrRqQpPoOnNmMlLkKjJiIhHgGfFeEdDcCbBaA9876543210_${SPACE}</arg>
<doc>Returns the given values which can then be assigned to a variables.</doc>
<msg timestamp="20210823 12:05:42.081" level="INFO">${alphabetDescending} = zZyYxXwWvVuUtTsSrRqQpPoOnNmMlLkKjJiIhHgGfFeEdDcCbBaA9876543210_ </msg>
<status status="PASS" starttime="20210823 12:05:42.080" endtime="20210823 12:05:42.081"/>
</kw>
<kw name="Sort in Ascending Order" library="Homepage_Keywords">
<var>${sorted_in_descending}</var>
<arg>${inputList}</arg>
<arg>${alphabetDescending}</arg>
<doc>Ascending Order Sort</doc>
<kw name="Create Dictionary" library="BuiltIn">
<var>${ns}</var>
<arg>alphabet=${alphabet}</arg>
<arg>input_list=${inputList}</arg>
<doc>Creates and returns a dictionary based on the given ``items``.</doc>
<msg timestamp="20210823 12:05:42.084" level="INFO">${ns} = {'alphabet': 'zZyYxXwWvVuUtTsSrRqQpPoOnNmMlLkKjJiIhHgGfFeEdDcCbBaA9876543210_ ', 'input_list': ['Test.allTheThings() T-Shirt (Red)', 'Sauce Labs Onesie', 'Sauce Labs Fleece Jacket', 'Sauce Labs Bolt T...</msg>
<status status="PASS" starttime="20210823 12:05:42.083" endtime="20210823 12:05:42.085"/>
</kw>
<kw name="Evaluate" library="BuiltIn">
<var>${sorted}</var>
<arg>sorted(input_list, key=lambda word: [alphabet.index(c) if c in alphabet else ord(c) for c in word])</arg>
<arg>namespace=${ns}</arg>
<doc>Evaluates the given expression in Python and returns the result.</doc>
<msg timestamp="20210823 12:05:42.086" level="INFO">${sorted} = ['Test.allTheThings() T-Shirt (Red)', 'Sauce Labs Onesie', 'Sauce Labs Fleece Jacket', 'Sauce Labs Bolt T-Shirt', 'Sauce Labs Bike Light', 'Sauce Labs Backpack']</msg>
<status status="PASS" starttime="20210823 12:05:42.085" endtime="20210823 12:05:42.086"/>
</kw>
<msg timestamp="20210823 12:05:42.087" level="INFO">${sorted_in_descending} = ['Test.allTheThings() T-Shirt (Red)', 'Sauce Labs Onesie', 'Sauce Labs Fleece Jacket', 'Sauce Labs Bolt T-Shirt', 'Sauce Labs Bike Light', 'Sauce Labs Backpack']</msg>
<status status="PASS" starttime="20210823 12:05:42.081" endtime="20210823 12:05:42.087"/>
</kw>
<msg timestamp="20210823 12:05:42.088" level="INFO">${final_sorted_list} = ['Test.allTheThings() T-Shirt (Red)', 'Sauce Labs Onesie', 'Sauce Labs Fleece Jacket', 'Sauce Labs Bolt T-Shirt', 'Sauce Labs Bike Light', 'Sauce Labs Backpack']</msg>
<status status="PASS" starttime="20210823 12:05:42.079" endtime="20210823 12:05:42.088"/>
</kw>
<kw name="Run Keyword And Continue On Failure" library="BuiltIn">
<arg>lists should be equal</arg>
<arg>${final_sorted_list}</arg>
<arg>${listText}</arg>
<doc>Runs the keyword and continues execution even if a failure occurs.</doc>
<kw name="Lists Should Be Equal" library="Collections">
<arg>${final_sorted_list}</arg>
<arg>${listText}</arg>
<doc>Fails if given lists are unequal.</doc>
<status status="PASS" starttime="20210823 12:05:42.089" endtime="20210823 12:05:42.090"/>
</kw>
<status status="PASS" starttime="20210823 12:05:42.088" endtime="20210823 12:05:42.090"/>
</kw>
<kw name="Log" library="BuiltIn">
<arg>${final_sorted_list}</arg>
<doc>Logs the given message with the given level.</doc>
<msg timestamp="20210823 12:05:42.091" level="INFO">['Test.allTheThings() T-Shirt (Red)', 'Sauce Labs Onesie', 'Sauce Labs Fleece Jacket', 'Sauce Labs Bolt T-Shirt', 'Sauce Labs Bike Light', 'Sauce Labs Backpack']</msg>
<status status="PASS" starttime="20210823 12:05:42.090" endtime="20210823 12:05:42.091"/>
</kw>
<kw name="Log" library="BuiltIn">
<arg>${listText}</arg>
<doc>Logs the given message with the given level.</doc>
<msg timestamp="20210823 12:05:42.092" level="INFO">['Test.allTheThings() T-Shirt (Red)', 'Sauce Labs Onesie', 'Sauce Labs Fleece Jacket', 'Sauce Labs Bolt T-Shirt', 'Sauce Labs Bike Light', 'Sauce Labs Backpack']</msg>
<status status="PASS" starttime="20210823 12:05:42.092" endtime="20210823 12:05:42.092"/>
</kw>
<status status="PASS" starttime="20210823 12:05:41.887" endtime="20210823 12:05:42.093"/>
</kw>
[...]
<kw name="Get Text" library="SeleniumLibrary">
<var>${listNames}</var>
<arg>${item}</arg>
<doc>Returns the text value of the element identified by ``locator``.</doc>
<msg timestamp="20210823 12:12:09.262" level="INFO">${listNames} = Sauce Labs Bike Light</msg>
<status status="PASS" starttime="20210823 12:12:09.238" endtime="20210823 12:12:09.262"/>
</kw>
<kw name="Append To List" library="Collections">
<arg>${listText}</arg>
<arg>${listNames}</arg>
<doc>Adds ``values`` to the end of ``list``.</doc>
<status status="PASS" starttime="20210823 12:12:09.262" endtime="20210823 12:12:09.263"/>
</kw>
<status status="PASS" starttime="20210823 12:12:09.237" endtime="20210823 12:12:09.263"/>
</iter>
<iter>
<var name="${item}">&lt;selenium.webdriver.remote.webelement.WebElement (session="4228329e022fac506bc0bd99e650fd79", element="9539bab9-ba9e-41a5-9817-0f31669c0ee2")&gt;</var>
<kw name="Get Text" library="SeleniumLibrary">
<var>${listNames}</var>
<arg>${item}</arg>
<doc>Returns the text value of the element identified by ``locator``.</doc>
<msg timestamp="20210823 12:12:09.282" level="INFO">${listNames} = Sauce Labs Bolt T-Shirt</msg>
<status status="PASS" starttime="20210823 12:12:09.264" endtime="20210823 12:12:09.283"/>
</kw>
<kw name="Append To List" library="Collections">
<arg>${listText}</arg>
<arg>${listNames}</arg>
<doc>Adds ``values`` to the end of ``list``.</doc>
<status status="PASS" starttime="20210823 12:12:09.283" endtime="20210823 12:12:09.283"/>
</kw>
<status status="PASS" starttime="20210823 12:12:09.263" endtime="20210823 12:12:09.283"/>
</iter>
<iter>
<var name="${item}">&lt;selenium.webdriver.remote.webelement.WebElement (session="4228329e022fac506bc0bd99e650fd79", element="20cb7abc-ebc0-4006-ab46-865d47089c93")&gt;</var>
<kw name="Get Text" library="SeleniumLibrary">
<var>${listNames}</var>
<arg>${item}</arg>
<doc>Returns the text value of the element identified by ``locator``.</doc>
<msg timestamp="20210823 12:12:09.302" level="INFO">${listNames} = Sauce Labs Fleece Jacket</msg>
<status status="PASS" starttime="20210823 12:12:09.284" endtime="20210823 12:12:09.302"/>
</kw>
<kw name="Append To List" library="Collections">
<arg>${listText}</arg>
<arg>${listNames}</arg>
<doc>Adds ``values`` to the end of ``list``.</doc>
<status status="PASS" starttime="20210823 12:12:09.302" endtime="20210823 12:12:09.302"/>
</kw>
<status status="PASS" starttime="20210823 12:12:09.283" endtime="20210823 12:12:09.302"/>
</iter>
<iter>
<var name="${item}">&lt;selenium.webdriver.remote.webelement.WebElement (session="4228329e022fac506bc0bd99e650fd79", element="9522f3cf-e3b4-492b-bef6-ad53d5656f85")&gt;</var>
<kw name="Get Text" library="SeleniumLibrary">
<var>${listNames}</var>
<arg>${item}</arg>
<doc>Returns the text value of the element identified by ``locator``.</doc>
<msg timestamp="20210823 12:12:09.317" level="INFO">${listNames} = Sauce Labs Onesie</msg>
<status status="PASS" starttime="20210823 12:12:09.303" endtime="20210823 12:12:09.317"/>
</kw>
<kw name="Append To List" library="Collections">
<arg>${listText}</arg>
<arg>${listNames}</arg>
<doc>Adds ``values`` to the end of ``list``.</doc>
<status status="PASS" starttime="20210823 12:12:09.317" endtime="20210823 12:12:09.317"/>
</kw>
<status status="PASS" starttime="20210823 12:12:09.303" endtime="20210823 12:12:09.317"/>
</iter>
<iter>
<var name="${item}">&lt;selenium.webdriver.remote.webelement.WebElement (session="4228329e022fac506bc0bd99e650fd79", element="263db137-f9ed-4d72-ad01-3dc1fe532b69")&gt;</var>
<kw name="Get Text" library="SeleniumLibrary">
<var>${listNames}</var>
<arg>${item}</arg>
<doc>Returns the text value of the element identified by ``locator``.</doc>
<msg timestamp="20210823 12:12:09.336" level="INFO">${listNames} = Test.allTheThings() T-Shirt (Red)</msg>
<status status="PASS" starttime="20210823 12:12:09.319" endtime="20210823 12:12:09.336"/>
</kw>
<kw name="Append To List" library="Collections">
<arg>${listText}</arg>
<arg>${listNames}</arg>
<doc>Adds ``values`` to the end of ``list``.</doc>
<status status="PASS" starttime="20210823 12:12:09.336" endtime="20210823 12:12:09.336"/>
</kw>
<status status="PASS" starttime="20210823 12:12:09.318" endtime="20210823 12:12:09.336"/>
</iter>
<status status="PASS" starttime="20210823 12:12:09.213" endtime="20210823 12:12:09.336"/>
</for>
<kw name="Log" library="BuiltIn">
<arg>${listText}</arg>
<doc>Logs the given message with the given level.</doc>
<msg timestamp="20210823 12:12:09.337" level="INFO">['Sauce Labs Backpack', 'Sauce Labs Bike Light', 'Sauce Labs Bolt T-Shirt', 'Sauce Labs Fleece Jacket', 'Sauce Labs Onesie', 'Test.allTheThings() T-Shirt (Red)']</msg>
<status status="PASS" starttime="20210823 12:12:09.337" endtime="20210823 12:12:09.337"/>
</kw>
<status status="PASS" starttime="20210823 12:12:09.189" endtime="20210823 12:12:09.337"/>
</kw>
<kw name="Get From List" library="Collections">
<var>${firstProductName}</var>
<arg>${listText}</arg>
<arg>0</arg>
<doc>Returns the value specified with an ``index`` from ``list``.</doc>
<msg timestamp="20210823 12:12:09.338" level="INFO">${firstProductName} = Sauce Labs Backpack</msg>
<status status="PASS" starttime="20210823 12:12:09.337" endtime="20210823 12:12:09.338"/>
</kw>
<kw name="Set Suite Variable" library="BuiltIn">
<arg>${firstProductName}</arg>
<doc>Makes a variable available everywhere within the scope of the current suite.</doc>
<msg timestamp="20210823 12:12:09.339" level="INFO">${firstProductName} = Sauce Labs Backpack</msg>
<status status="PASS" starttime="20210823 12:12:09.338" endtime="20210823 12:12:09.339"/>
</kw>
<status status="PASS" starttime="20210823 12:12:09.188" endtime="20210823 12:12:09.339"/>
</kw>
<kw name="And User clicks the add to cart button" library="Homepage_Keywords">
<kw name="Click Element" library="SeleniumLibrary">
<arg>${FIRST_ADD_TO_CART}</arg>
<doc>Click the element identified by ``locator``.</doc>
<msg timestamp="20210823 12:12:09.340" level="INFO">Clicking element '(//*[contains(text(),'Add to cart')])[1]'.</msg>
<status status="PASS" starttime="20210823 12:12:09.340" endtime="20210823 12:12:09.411"/>
</kw>
<status status="PASS" starttime="20210823 12:12:09.339" endtime="20210823 12:12:09.411"/>
</kw>
<kw name="Then The add to cart button will changed to remove button" library="Homepage_Keywords">
<kw name="Run Keyword And Continue On Failure" library="BuiltIn">
<arg>Wait Until Element Is Visible</arg>
<arg>${FIRST_REMOVE_BUTTON}</arg>
<doc>Runs the keyword and continues execution even if a failure occurs.</doc>
<kw name="Wait Until Element Is Visible" library="SeleniumLibrary">
<arg>${FIRST_REMOVE_BUTTON}</arg>
<doc>Waits until the element ``locator`` is visible.</doc>
<status status="PASS" starttime="20210823 12:12:09.414" endtime="20210823 12:12:09.445"/>
</kw>
<status status="PASS" starttime="20210823 12:12:09.413" endtime="20210823 12:12:09.445"/>
</kw>
<status status="PASS" starttime="20210823 12:12:09.412" endtime="20210823 12:12:09.445"/>
</kw>
<kw name="And User click the burger menu" library="Global_Header_Keywords">
<kw name="Click Element" library="SeleniumLibrary">
<arg>${BURGER_MENU}</arg>
<doc>Click the element identified by ``locator``.</doc>
<msg timestamp="20210823 12:12:09.447" level="INFO">Clicking element '//button[contains(text(),'Open Menu')]'.</msg>
<status status="PASS" starttime="20210823 12:12:09.446" endtime="20210823 12:12:09.507"/>
</kw>
<kw name="Sleep" library="BuiltIn">
<arg>2s</arg>
<doc>Pauses the test executed for the given time.</doc>
<msg timestamp="20210823 12:12:11.509" level="INFO">Slept 2 seconds</msg>
<status status="PASS" starttime="20210823 12:12:09.507" endtime="20210823 12:12:11.509"/>
</kw>
<status status="PASS" starttime="20210823 12:12:09.446" endtime="20210823 12:12:11.509"/>
</kw>
<kw name="When User select on the menu ${RESET_APP_STATE}" library="Global_Header_Keywords" sourcename="User select on the menu ${sideMenu}">
<kw name="Click Element" library="SeleniumLibrary">
<arg>${sideMenu}</arg>
<doc>Click the element identified by ``locator``.</doc>
<msg timestamp="20210823 12:12:11.513" level="INFO">Clicking element '//a[contains(text(),'Reset App State')]'.</msg>
<status status="PASS" starttime="20210823 12:12:11.513" endtime="20210823 12:12:11.565"/>
</kw>
<status status="PASS" starttime="20210823 12:12:11.510" endtime="20210823 12:12:11.565"/>
</kw>
<kw name="And Refresh the page" library="Global_Header_Keywords">
<kw name="Execute Javascript" library="SeleniumLibrary">
<arg>window.location.reload(true);</arg>
<doc>Executes the given JavaScript code with possible arguments.</doc>
<msg timestamp="20210823 12:12:11.567" level="INFO">Executing JavaScript:
window.location.reload(true);
Without any arguments.</msg>
<status status="PASS" starttime="20210823 12:12:11.566" endtime="20210823 12:12:16.926"/>
</kw>
<kw name="Wait Until Element Is Visible" library="SeleniumLibrary">
<arg>${HOMEPAGE_HEADER_TITLE}</arg>
<doc>Waits until the element ``locator`` is visible.</doc>
<status status="PASS" starttime="20210823 12:12:16.926" endtime="20210823 12:12:16.960"/>
</kw>
<status status="PASS" starttime="20210823 12:12:11.566" endtime="20210823 12:12:16.960"/>
</kw>
<kw name="Then The application will return to its default state" library="Global_Header_Keywords">
<kw name="The product should no longer on the cart" library="Homepage_Keywords">
<kw name="Wait Until Element Is Visible" library="SeleniumLibrary">
<arg>${CART_ICON}</arg>
<doc>Waits until the element ``locator`` is visible.</doc>
<status status="PASS" starttime="20210823 12:12:16.962" endtime="20210823 12:12:16.995"/>
</kw>
<kw name="Click Element" library="SeleniumLibrary">
<arg>${CART_ICON}</arg>
<doc>Click the element identified by ``locator``.</doc>
<msg timestamp="20210823 12:12:16.996" level="INFO">Clicking element '//a[@class="shopping_cart_link"]'.</msg>
<status status="PASS" starttime="20210823 12:12:16.996" endtime="20210823 12:12:17.066"/>
</kw>
<kw name="Run Keyword And Continue On Failure" library="BuiltIn">
<arg>Page Should Not Contain</arg>
<arg>${firstProductName}</arg>
<doc>Runs the keyword and continues execution even if a failure occurs.</doc>
<kw name="Page Should Not Contain" library="SeleniumLibrary">
<arg>${firstProductName}</arg>
<doc>Verifies the current page does not contain ``text``.</doc>
<msg timestamp="20210823 12:12:17.109" level="INFO">Current page does not contain text 'Sauce Labs Backpack'.</msg>
<status status="PASS" starttime="20210823 12:12:17.067" endtime="20210823 12:12:17.110"/>
</kw>
<status status="PASS" starttime="20210823 12:12:17.066" endtime="20210823 12:12:17.110"/>
</kw>
<kw name="Sleep" library="BuiltIn">
<arg>2s</arg>
<doc>Pauses the test executed for the given time.</doc>
<msg timestamp="20210823 12:12:19.111" level="INFO">Slept 2 seconds</msg>
<status status="PASS" starttime="20210823 12:12:17.110" endtime="20210823 12:12:19.111"/>
</kw>
<status status="PASS" starttime="20210823 12:12:16.961" endtime="20210823 12:12:19.111"/>
</kw>
<kw name="Go To" library="SeleniumLibrary">
<arg>https://www.saucedemo.com/inventory.html</arg>
<doc>Navigates the current browser window to the provided ``url``.</doc>
<msg timestamp="20210823 12:12:19.112" level="INFO">Opening url 'https://www.saucedemo.com/inventory.html'</msg>
<status status="PASS" starttime="20210823 12:12:19.112" endtime="20210823 12:12:24.479"/>
</kw>
<status status="PASS" starttime="20210823 12:12:16.961" endtime="20210823 12:12:24.480"/>
</kw>
<status status="PASS" starttime="20210823 12:12:03.463" endtime="20210823 12:12:24.480"/>
</kw>
<kw name="User should be able to logout">
<tag>Header</tag>
<kw name="Given User is on the homepage" library="Global_Keywords">
<kw name="Go To" library="SeleniumLibrary">
<arg>https://www.saucedemo.com/inventory.html</arg>
<doc>Navigates the current browser window to the provided ``url``.</doc>
<msg timestamp="20210823 12:12:24.484" level="INFO">Opening url 'https://www.saucedemo.com/inventory.html'</msg>
<status status="PASS" starttime="20210823 12:12:24.483" endtime="20210823 12:12:29.832"/>
</kw>
<kw name="Wait Until Element Is Visible" library="SeleniumLibrary">
<arg>${HOMEPAGE_HEADER_TITLE}</arg>
<doc>Waits until the element ``locator`` is visible.</doc>
<status status="PASS" starttime="20210823 12:12:29.833" endtime="20210823 12:12:29.866"/>
</kw>
<kw name="Wait Until Element Is Visible" library="SeleniumLibrary">
<arg>${SORT_DROPDOWN}</arg>
<doc>Waits until the element ``locator`` is visible.</doc>
<status status="PASS" starttime="20210823 12:12:29.867" endtime="20210823 12:12:29.890"/>
</kw>
<status status="PASS" starttime="20210823 12:12:24.482" endtime="20210823 12:12:29.891"/>
</kw>
<kw name="And User click the burger menu" library="Global_Header_Keywords">
<kw name="Click Element" library="SeleniumLibrary">
<arg>${BURGER_MENU}</arg>
<doc>Click the element identified by ``locator``.</doc>
<msg timestamp="20210823 12:12:29.893" level="INFO">Clicking element '//button[contains(text(),'Open Menu')]'.</msg>
<status status="PASS" starttime="20210823 12:12:29.892" endtime="20210823 12:12:29.958"/>
</kw>
<kw name="Sleep" library="BuiltIn">
<arg>2s</arg>
<doc>Pauses the test executed for the given time.</doc>
<msg timestamp="20210823 12:12:31.961" level="INFO">Slept 2 seconds</msg>
<status status="PASS" starttime="20210823 12:12:29.959" endtime="20210823 12:12:31.961"/>
</kw>
<status status="PASS" starttime="20210823 12:12:29.891" endtime="20210823 12:12:31.961"/>
</kw>
<kw name="When User select on the menu ${LOGOUT}" library="Global_Header_Keywords" sourcename="User select on the menu ${sideMenu}">
<kw name="Click Element" library="SeleniumLibrary">
<arg>${sideMenu}</arg>
<doc>Click the element identified by ``locator``.</doc>
<msg timestamp="20210823 12:12:31.962" level="INFO">Clicking element '//a[contains(text(),'Logout')]'.</msg>
<status status="PASS" starttime="20210823 12:12:31.962" endtime="20210823 12:12:32.037"/>
</kw>
<status status="PASS" starttime="20210823 12:12:31.961" endtime="20210823 12:12:32.037"/>
</kw>
<kw name="Then user should be logout and will be redirected to the login page" library="Global_Header_Keywords">
<kw name="That the user is on the login page" library="Login_Keywords">
<kw name="Title Should Be" library="SeleniumLibrary">
<arg>Swag Labs</arg>
<doc>Verifies that the current page title equals ``title``.</doc>
<msg timestamp="20210823 12:12:32.048" level="INFO">Page title is 'Swag Labs'.</msg>
<status status="PASS" starttime="20210823 12:12:32.040" endtime="20210823 12:12:32.048"/>
</kw>
<kw name="Get Location" library="SeleniumLibrary">
<var>${activeURL}</var>
<doc>Returns the current browser window URL.</doc>
<msg timestamp="20210823 12:12:32.055" level="INFO">${activeURL} = https://www.saucedemo.com/</msg>
<status status="PASS" starttime="20210823 12:12:32.048" endtime="20210823 12:12:32.055"/>
</kw>
<kw name="Should Be Equal" library="BuiltIn">
<arg>${activeURL}</arg>
<arg>${URL}</arg>
<doc>Fails if the given objects are unequal.</doc>
<status status="PASS" starttime="20210823 12:12:32.055" endtime="20210823 12:12:32.056"/>
</kw>
<kw name="Wait Until Element Is Visible" library="SeleniumLibrary">
<arg>${LOGIN_LOGO}</arg>
<doc>Waits until the element ``locator`` is visible.</doc>
<status status="PASS" starttime="20210823 12:12:32.056" endtime="20210823 12:12:32.084"/>
</kw>
<kw name="Wait Until Element Is Visible" library="SeleniumLibrary">
<arg>${USERNAME_TEXTBOX}</arg>
<doc>Waits until the element ``locator`` is visible.</doc>
<status status="PASS" starttime="20210823 12:12:32.084" endtime="20210823 12:12:32.110"/>
</kw>
<kw name="Wait Until Element Is Visible" library="SeleniumLibrary">
<arg>${PASSWORD_TEXTBOX}</arg>
<doc>Waits until the element ``locator`` is visible.</doc>
<status status="PASS" starttime="20210823 12:12:32.111" endtime="20210823 12:12:32.139"/>
</kw>
<kw name="Wait Until Element Is Visible" library="SeleniumLibrary">
<arg>${LOGIN_BUTTON}</arg>
<doc>Waits until the element ``locator`` is visible.</doc>
<status status="PASS" starttime="20210823 12:12:32.139" endtime="20210823 12:12:32.172"/>
</kw>
<status status="PASS" starttime="20210823 12:12:32.039" endtime="20210823 12:12:32.172"/>
</kw>
<status status="PASS" starttime="20210823 12:12:32.038" endtime="20210823 12:12:32.172"/>
</kw>
<status status="PASS" starttime="20210823 12:12:24.480" endtime="20210823 12:12:32.172"/>
</kw>
<status status="PASS" starttime="20210823 12:08:18.560" endtime="20210823 12:12:32.172"/>
</kw>
<kw name="End Web Test" library="Global_Keywords" type="TEARDOWN">
<doc>Closes browser after delay</doc>
<kw name="Sleep" library="BuiltIn">
<arg>2s</arg>
<doc>Pauses the test executed for the given time.</doc>
<msg timestamp="20210823 12:12:34.175" level="INFO">Slept 2 seconds</msg>
<status status="PASS" starttime="20210823 12:12:32.174" endtime="20210823 12:12:34.175"/>
</kw>
<kw name="Close Browser" library="SeleniumLibrary">
<doc>Closes the current browser.</doc>
<status status="PASS" starttime="20210823 12:12:34.175" endtime="20210823 12:12:36.615"/>
</kw>
<status status="PASS" starttime="20210823 12:12:32.173" endtime="20210823 12:12:36.615"/>
</kw>
<status status="PASS" starttime="20210823 12:08:16.282" endtime="20210823 12:12:36.616"/>
</test>
<status status="FAIL" starttime="20210823 12:05:28.303" endtime="20210823 12:12:36.617"/>
</suite>
<status status="FAIL" starttime="20210823 12:04:44.972" endtime="20210823 12:12:36.622"/>
</suite>
<statistics>
<total>
<stat pass="7" fail="1" skip="0">All Tests</stat>
</total>
<tag>
</tag>
<suite>
<stat pass="7" fail="1" skip="0" id="s1" name="LoginValidations &amp; SwagLabsUsers">LoginValidations &amp; SwagLabsUsers</stat>
<stat pass="5" fail="0" skip="0" id="s1-s1" name="LoginValidations">LoginValidations &amp; SwagLabsUsers.LoginValidations</stat>
<stat pass="2" fail="1" skip="0" id="s1-s2" name="SwagLabsUsers">LoginValidations &amp; SwagLabsUsers.SwagLabsUsers</stat>
</suite>
</statistics>
<errors>
<msg timestamp="20210823 12:04:45.603" level="ERROR">Error in file 'C:\Users\justin.guma\Desktop\SauceDemo\SwagLabs\SwagLabs\LoginValidations.robot' on line 4: Importing library 'ExcelLibrary' failed: ModuleNotFoundError: No module named 'ExcelLibrary'
Traceback (most recent call last):
  None
PYTHONPATH:
  C:\Users\justin.guma\AppData\Local\Programs\Python\Python39\Scripts\robot.exe
  c:\users\justin.guma\appdata\local\programs\python\python39\python39.zip
  c:\users\justin.guma\appdata\local\programs\python\python39\DLLs
  c:\users\justin.guma\appdata\local\programs\python\python39\lib
  c:\users\justin.guma\appdata\local\programs\python\python39
  c:\users\justin.guma\appdata\local\programs\python\python39\lib\site-packages
  c:\users\justin.guma\appdata\local\programs\python\python39\lib\site-packages\win32
  c:\users\justin.guma\appdata\local\programs\python\python39\lib\site-packages\win32\lib
  c:\users\justin.guma\appdata\local\programs\python\python39\lib\site-packages\Pythonwin</msg>
<msg timestamp="20210823 12:04:45.745" level="ERROR">Error in file 'C:\Users\justin.guma\Desktop\SauceDemo\SwagLabs\SwagLabs\SwagLabsUsers.robot' on line 20: Setting 'Test Setup' is not allowed in resource file.</msg>
<msg timestamp="20210823 12:04:45.746" level="ERROR">Error in file 'C:\Users\justin.guma\Desktop\SauceDemo\SwagLabs\SwagLabs\SwagLabsUsers.robot' on line 21: Setting 'Test Teardown' is not allowed in resource file.</msg>
<msg timestamp="20210823 12:04:45.746" level="ERROR">Error in file 'C:\Users\justin.guma\Desktop\SauceDemo\SwagLabs\SwagLabs\SwagLabsUsers.robot' on line 22: Setting 'Test Template' is not allowed in resource file.</msg>
<msg timestamp="20210823 12:04:45.746" level="ERROR">Error in file 'C:\Users\justin.guma\Desktop\SauceDemo\SwagLabs\SwagLabs\LoginValidations.robot' on line 11: Error in file 'C:\Users\justin.guma\Desktop\SauceDemo\SwagLabs\SwagLabs\SwagLabsUsers.robot' on line 25: Resource file with 'Test Cases' section is invalid.</msg>
</errors>
</robot>
